This file contains any messages produced by compilers while
running configure, to aid debugging if configure makes a mistake.

It was created by libMXF configure 1.0.3, which was
generated by GNU Autoconf 2.69.  Invocation command line was

  $ ./configure --disable-examples

## --------- ##
## Platform. ##
## --------- ##

hostname = TedButler.local
uname -m = x86_64
uname -r = 17.7.0
uname -s = Darwin
uname -v = Darwin Kernel Version 17.7.0: Thu Jun 21 22:53:14 PDT 2018; root:xnu-4570.71.2~1/RELEASE_X86_64

/usr/bin/uname -p = i386
/bin/uname -X     = unknown

/bin/arch              = unknown
/usr/bin/arch -k       = unknown
/usr/convex/getsysinfo = unknown
/usr/bin/hostinfo      = Mach kernel version:
	 Darwin Kernel Version 17.7.0: Thu Jun 21 22:53:14 PDT 2018; root:xnu-4570.71.2~1/RELEASE_X86_64
Kernel configured for up to 8 processors.
4 processors are physically available.
8 processors are logically available.
Processor type: x86_64h (Intel x86-64h Haswell)
Processors active: 0 1 2 3 4 5 6 7
Primary memory available: 16.00 gigabytes
Default processor set: 529 tasks, 3599 threads, 8 processors
Load average: 2.77, Mach factor: 5.21
/bin/machine           = unknown
/usr/bin/oslevel       = unknown
/bin/universe          = unknown

PATH: /Library/Frameworks/Python.framework/Versions/2.7/bin
PATH: /Library/Frameworks/Python.framework/Versions/2.7/bin
PATH: /usr/local/bin
PATH: /usr/bin
PATH: /bin
PATH: /usr/sbin
PATH: /sbin
PATH: /Applications/VMware Fusion.app/Contents/Public
PATH: /Applications/Wireshark.app/Contents/MacOS


## ----------- ##
## Core tests. ##
## ----------- ##

configure:2637: checking for a BSD-compatible install
configure:2705: result: /usr/bin/install -c
configure:2716: checking whether build environment is sane
configure:2771: result: yes
configure:2922: checking for a thread-safe mkdir -p
configure:2961: result: ./install-sh -c -d
configure:2968: checking for gawk
configure:2998: result: no
configure:2968: checking for mawk
configure:2998: result: no
configure:2968: checking for nawk
configure:2998: result: no
configure:2968: checking for awk
configure:2984: found /usr/bin/awk
configure:2995: result: awk
configure:3006: checking whether make sets $(MAKE)
configure:3028: result: yes
configure:3057: checking whether make supports nested variables
configure:3074: result: yes
configure:3163: checking whether UID '502' is supported by ustar format
configure:3166: result: yes
configure:3173: checking whether GID '20' is supported by ustar format
configure:3176: result: yes
configure:3184: checking how to create a ustar tar archive
configure:3195: tar --version
bsdtar 2.8.3 - libarchive 2.8.3
configure:3198: $? = 0
configure:3238: tardir=conftest.dir && eval tar --format=ustar -chf - "$tardir" >conftest.tar
configure:3241: $? = 0
configure:3245: tar -xf - <conftest.tar
configure:3248: $? = 0
configure:3250: cat conftest.dir/file
GrepMe
configure:3253: $? = 0
configure:3266: result: gnutar
configure:3327: checking whether make supports nested variables
configure:3344: result: yes
configure:3368: checking for style of include used by make
configure:3396: result: GNU
configure:3467: checking for gcc
configure:3483: found /usr/bin/gcc
configure:3494: result: gcc
configure:3723: checking for C compiler version
configure:3732: gcc --version >&5
Apple LLVM version 10.0.0 (clang-1000.11.45.5)
Target: x86_64-apple-darwin17.7.0
Thread model: posix
InstalledDir: /Applications/Xcode.app/Contents/Developer/Toolchains/XcodeDefault.xctoolchain/usr/bin
Configured with: --prefix=/Applications/Xcode.app/Contents/Developer/usr --with-gxx-include-dir=/usr/include/c++/4.2.1
configure:3743: $? = 0
configure:3732: gcc -v >&5
Configured with: --prefix=/Applications/Xcode.app/Contents/Developer/usr --with-gxx-include-dir=/usr/include/c++/4.2.1
Apple LLVM version 10.0.0 (clang-1000.11.45.5)
Target: x86_64-apple-darwin17.7.0
Thread model: posix
InstalledDir: /Applications/Xcode.app/Contents/Developer/Toolchains/XcodeDefault.xctoolchain/usr/bin
configure:3743: $? = 0
configure:3732: gcc -V >&5
clang: error: argument to '-V' is missing (expected 1 value)
clang: error: no input files
configure:3743: $? = 1
configure:3732: gcc -qversion >&5
clang: error: unknown argument: '-qversion'
clang: error: no input files
configure:3743: $? = 1
configure:3763: checking whether the C compiler works
configure:3785: gcc    conftest.c  >&5
configure:3789: $? = 0
configure:3837: result: yes
configure:3840: checking for C compiler default output file name
configure:3842: result: a.out
configure:3848: checking for suffix of executables
configure:3855: gcc -o conftest    conftest.c  >&5
configure:3859: $? = 0
configure:3881: result: 
configure:3903: checking whether we are cross compiling
configure:3911: gcc -o conftest    conftest.c  >&5
configure:3915: $? = 0
configure:3922: ./conftest
configure:3926: $? = 0
configure:3941: result: no
configure:3946: checking for suffix of object files
configure:3968: gcc -c   conftest.c >&5
configure:3972: $? = 0
configure:3993: result: o
configure:3997: checking whether we are using the GNU C compiler
configure:4016: gcc -c   conftest.c >&5
configure:4016: $? = 0
configure:4025: result: yes
configure:4034: checking whether gcc accepts -g
configure:4054: gcc -c -g  conftest.c >&5
configure:4054: $? = 0
configure:4095: result: yes
configure:4112: checking for gcc option to accept ISO C89
configure:4175: gcc  -c -g -O2  conftest.c >&5
configure:4175: $? = 0
configure:4188: result: none needed
configure:4213: checking whether gcc understands -c and -o together
configure:4235: gcc -c conftest.c -o conftest2.o
configure:4238: $? = 0
configure:4235: gcc -c conftest.c -o conftest2.o
configure:4238: $? = 0
configure:4250: result: yes
configure:4269: checking dependency style of gcc
configure:4380: result: gcc3
configure:4445: checking for ar
configure:4461: found /usr/bin/ar
configure:4472: result: ar
configure:4498: checking the archiver (ar) interface
configure:4514: gcc -c -g -O2  conftest.c >&5
configure:4514: $? = 0
configure:4516: ar cru libconftest.a conftest.o >&5
configure:4519: $? = 0
configure:4547: result: ar
configure:4608: checking build system type
configure:4622: result: x86_64-apple-darwin17.7.0
configure:4642: checking host system type
configure:4655: result: x86_64-apple-darwin17.7.0
configure:4696: checking how to print strings
configure:4723: result: printf
configure:4744: checking for a sed that does not truncate output
configure:4808: result: /usr/bin/sed
configure:4826: checking for grep that handles long lines and -e
configure:4884: result: /usr/bin/grep
configure:4889: checking for egrep
configure:4951: result: /usr/bin/grep -E
configure:4956: checking for fgrep
configure:5018: result: /usr/bin/grep -F
configure:5053: checking for ld used by gcc
configure:5120: result: /Applications/Xcode.app/Contents/Developer/Toolchains/XcodeDefault.xctoolchain/usr/bin/ld
configure:5127: checking if the linker (/Applications/Xcode.app/Contents/Developer/Toolchains/XcodeDefault.xctoolchain/usr/bin/ld) is GNU ld
configure:5142: result: no
configure:5154: checking for BSD- or MS-compatible name lister (nm)
configure:5208: result: /usr/bin/nm -B
configure:5338: checking the name lister (/usr/bin/nm -B) interface
configure:5345: gcc -c -g -O2  conftest.c >&5
configure:5348: /usr/bin/nm -B "conftest.o"
configure:5351: output
00000000000001e8 S _some_variable
configure:5358: result: BSD nm
configure:5361: checking whether ln -s works
configure:5365: result: yes
configure:5373: checking the maximum length of command line arguments
configure:5504: result: 196608
configure:5552: checking how to convert x86_64-apple-darwin17.7.0 file names to x86_64-apple-darwin17.7.0 format
configure:5592: result: func_convert_file_noop
configure:5599: checking how to convert x86_64-apple-darwin17.7.0 file names to toolchain format
configure:5619: result: func_convert_file_noop
configure:5626: checking for /Applications/Xcode.app/Contents/Developer/Toolchains/XcodeDefault.xctoolchain/usr/bin/ld option to reload object files
configure:5633: result: -r
configure:5707: checking for objdump
configure:5723: found /usr/bin/objdump
configure:5734: result: objdump
configure:5766: checking how to recognize dependent libraries
configure:5966: result: pass_all
configure:6051: checking for dlltool
configure:6081: result: no
configure:6111: checking how to associate runtime and link libraries
configure:6138: result: printf %s\n
configure:6262: checking for archiver @FILE support
configure:6279: gcc -c -g -O2  conftest.c >&5
configure:6279: $? = 0
configure:6282: ar cru libconftest.a @conftest.lst >&5
ar: @conftest.lst: No such file or directory
configure:6285: $? = 1
configure:6305: result: no
configure:6363: checking for strip
configure:6379: found /usr/bin/strip
configure:6390: result: strip
configure:6462: checking for ranlib
configure:6478: found /usr/bin/ranlib
configure:6489: result: ranlib
configure:6591: checking command to parse /usr/bin/nm -B output from gcc object
configure:6744: gcc -c -g -O2  conftest.c >&5
configure:6747: $? = 0
configure:6751: /usr/bin/nm -B conftest.o \| sed -n -e 's/^.*[ ]\([BCDEGRST][BCDEGRST]*\)[ ][ ]*\([_A-Za-z][_A-Za-z0-9]*\)$/\1 \2 \2/p' | sed '/ __gnu_lto/d' \> conftest.nm
configure:6754: $? = 0
cannot find nm_test_var in conftest.nm
configure:6744: gcc -c -g -O2  conftest.c >&5
configure:6747: $? = 0
configure:6751: /usr/bin/nm -B conftest.o \| sed -n -e 's/^.*[ ]\([BCDEGRST][BCDEGRST]*\)[ ][ ]*_\([_A-Za-z][_A-Za-z0-9]*\)$/\1 _\2 \2/p' | sed '/ __gnu_lto/d' \> conftest.nm
configure:6754: $? = 0
configure:6820: gcc -o conftest -g -O2   conftest.c conftstm.o >&5
warning: (x86_64)  could not find object file symbol for symbol _main
configure:6823: $? = 0
configure:6861: result: ok
configure:6908: checking for sysroot
configure:6938: result: no
configure:6945: checking for a working dd
configure:6983: result: /bin/dd
configure:6987: checking how to truncate binary pipes
configure:7002: result: /bin/dd bs=4096 count=1
configure:7331: checking for mt
configure:7361: result: no
configure:7381: checking if : is a manifest tool
configure:7387: : '-?'
configure:7395: result: no
configure:7451: checking for dsymutil
configure:7467: found /usr/bin/dsymutil
configure:7478: result: dsymutil
configure:7543: checking for nmedit
configure:7559: found /usr/bin/nmedit
configure:7570: result: nmedit
configure:7635: checking for lipo
configure:7651: found /usr/bin/lipo
configure:7662: result: lipo
configure:7727: checking for otool
configure:7743: found /usr/bin/otool
configure:7754: result: otool
configure:7819: checking for otool64
configure:7849: result: no
configure:7894: checking for -single_module linker flag
gcc -g -O2  -o libconftest.dylib -dynamiclib -Wl,-single_module conftest.c
configure:7927: result: yes
configure:7930: checking for -exported_symbols_list linker flag
configure:7950: gcc -o conftest -g -O2   -Wl,-exported_symbols_list,conftest.sym conftest.c  >&5
configure:7950: $? = 0
configure:7960: result: yes
configure:7963: checking for -force_load linker flag
gcc -g -O2 -c -o conftest.o conftest.c
ar cru libconftest.a conftest.o
ranlib libconftest.a
gcc -g -O2  -o conftest conftest.c -Wl,-force_load,./libconftest.a
configure:7995: result: yes
configure:8072: checking how to run the C preprocessor
configure:8103: gcc -E  conftest.c
configure:8103: $? = 0
configure:8117: gcc -E  conftest.c
conftest.c:11:10: fatal error: 'ac_nonexistent.h' file not found
#include <ac_nonexistent.h>
         ^~~~~~~~~~~~~~~~~~
1 error generated.
configure:8117: $? = 1
configure: failed program was:
| /* confdefs.h */
| #define PACKAGE_NAME "libMXF"
| #define PACKAGE_TARNAME "libmxf"
| #define PACKAGE_VERSION "1.0.3"
| #define PACKAGE_STRING "libMXF 1.0.3"
| #define PACKAGE_BUGREPORT ""
| #define PACKAGE_URL ""
| #define PACKAGE "libmxf"
| #define VERSION "1.0.3"
| /* end confdefs.h.  */
| #include <ac_nonexistent.h>
configure:8142: result: gcc -E
configure:8162: gcc -E  conftest.c
configure:8162: $? = 0
configure:8176: gcc -E  conftest.c
conftest.c:11:10: fatal error: 'ac_nonexistent.h' file not found
#include <ac_nonexistent.h>
         ^~~~~~~~~~~~~~~~~~
1 error generated.
configure:8176: $? = 1
configure: failed program was:
| /* confdefs.h */
| #define PACKAGE_NAME "libMXF"
| #define PACKAGE_TARNAME "libmxf"
| #define PACKAGE_VERSION "1.0.3"
| #define PACKAGE_STRING "libMXF 1.0.3"
| #define PACKAGE_BUGREPORT ""
| #define PACKAGE_URL ""
| #define PACKAGE "libmxf"
| #define VERSION "1.0.3"
| /* end confdefs.h.  */
| #include <ac_nonexistent.h>
configure:8205: checking for ANSI C header files
configure:8225: gcc -c -g -O2  conftest.c >&5
configure:8225: $? = 0
configure:8298: gcc -o conftest -g -O2   conftest.c  >&5
configure:8298: $? = 0
configure:8298: ./conftest
configure:8298: $? = 0
configure:8309: result: yes
configure:8322: checking for sys/types.h
configure:8322: gcc -c -g -O2  conftest.c >&5
configure:8322: $? = 0
configure:8322: result: yes
configure:8322: checking for sys/stat.h
configure:8322: gcc -c -g -O2  conftest.c >&5
configure:8322: $? = 0
configure:8322: result: yes
configure:8322: checking for stdlib.h
configure:8322: gcc -c -g -O2  conftest.c >&5
configure:8322: $? = 0
configure:8322: result: yes
configure:8322: checking for string.h
configure:8322: gcc -c -g -O2  conftest.c >&5
configure:8322: $? = 0
configure:8322: result: yes
configure:8322: checking for memory.h
configure:8322: gcc -c -g -O2  conftest.c >&5
configure:8322: $? = 0
configure:8322: result: yes
configure:8322: checking for strings.h
configure:8322: gcc -c -g -O2  conftest.c >&5
configure:8322: $? = 0
configure:8322: result: yes
configure:8322: checking for inttypes.h
configure:8322: gcc -c -g -O2  conftest.c >&5
configure:8322: $? = 0
configure:8322: result: yes
configure:8322: checking for stdint.h
configure:8322: gcc -c -g -O2  conftest.c >&5
configure:8322: $? = 0
configure:8322: result: yes
configure:8322: checking for unistd.h
configure:8322: gcc -c -g -O2  conftest.c >&5
configure:8322: $? = 0
configure:8322: result: yes
configure:8336: checking for dlfcn.h
configure:8336: gcc -c -g -O2  conftest.c >&5
configure:8336: $? = 0
configure:8336: result: yes
configure:8592: checking for objdir
configure:8607: result: .libs
configure:8871: checking if gcc supports -fno-rtti -fno-exceptions
configure:8889: gcc -c -g -O2  -fno-rtti -fno-exceptions conftest.c >&5
configure:8893: $? = 0
configure:8906: result: yes
configure:9264: checking for gcc option to produce PIC
configure:9271: result: -fno-common -DPIC
configure:9279: checking if gcc PIC flag -fno-common -DPIC works
configure:9297: gcc -c -g -O2  -fno-common -DPIC -DPIC conftest.c >&5
configure:9301: $? = 0
configure:9314: result: yes
configure:9343: checking if gcc static flag -static works
configure:9371: result: no
configure:9386: checking if gcc supports -c -o file.o
configure:9407: gcc -c -g -O2  -o out/conftest2.o conftest.c >&5
configure:9411: $? = 0
configure:9433: result: yes
configure:9441: checking if gcc supports -c -o file.o
configure:9488: result: yes
configure:9521: checking whether the gcc linker (/Applications/Xcode.app/Contents/Developer/Toolchains/XcodeDefault.xctoolchain/usr/bin/ld) supports shared libraries
configure:10784: result: yes
configure:11024: checking dynamic linker characteristics
configure:11854: result: darwin17.7.0 dyld
configure:11976: checking how to hardcode library paths into programs
configure:12001: result: immediate
configure:12549: checking whether stripping libraries is possible
configure:12563: result: yes
configure:12589: checking if libtool supports shared libraries
configure:12591: result: yes
configure:12594: checking whether to build shared libraries
configure:12619: result: yes
configure:12622: checking whether to build static libraries
configure:12626: result: yes
configure:12722: checking for g++
configure:12738: found /usr/bin/g++
configure:12749: result: g++
configure:12776: checking for C++ compiler version
configure:12785: g++ --version >&5
Apple LLVM version 10.0.0 (clang-1000.11.45.5)
Target: x86_64-apple-darwin17.7.0
Thread model: posix
InstalledDir: /Applications/Xcode.app/Contents/Developer/Toolchains/XcodeDefault.xctoolchain/usr/bin
Configured with: --prefix=/Applications/Xcode.app/Contents/Developer/usr --with-gxx-include-dir=/usr/include/c++/4.2.1
configure:12796: $? = 0
configure:12785: g++ -v >&5
Configured with: --prefix=/Applications/Xcode.app/Contents/Developer/usr --with-gxx-include-dir=/usr/include/c++/4.2.1
Apple LLVM version 10.0.0 (clang-1000.11.45.5)
Target: x86_64-apple-darwin17.7.0
Thread model: posix
InstalledDir: /Applications/Xcode.app/Contents/Developer/Toolchains/XcodeDefault.xctoolchain/usr/bin
configure:12796: $? = 0
configure:12785: g++ -V >&5
clang: error: argument to '-V' is missing (expected 1 value)
clang: error: no input files
configure:12796: $? = 1
configure:12785: g++ -qversion >&5
clang: error: unknown argument: '-qversion'
clang: error: no input files
configure:12796: $? = 1
configure:12800: checking whether we are using the GNU C++ compiler
configure:12819: g++ -c   conftest.cpp >&5
configure:12819: $? = 0
configure:12828: result: yes
configure:12837: checking whether g++ accepts -g
configure:12857: g++ -c -g  conftest.cpp >&5
configure:12857: $? = 0
configure:12898: result: yes
configure:12923: checking dependency style of g++
configure:13034: result: gcc3
configure:13067: checking how to run the C++ preprocessor
configure:13094: g++ -E  conftest.cpp
configure:13094: $? = 0
configure:13108: g++ -E  conftest.cpp
conftest.cpp:23:10: fatal error: 'ac_nonexistent.h' file not found
#include <ac_nonexistent.h>
         ^~~~~~~~~~~~~~~~~~
1 error generated.
configure:13108: $? = 1
configure: failed program was:
| /* confdefs.h */
| #define PACKAGE_NAME "libMXF"
| #define PACKAGE_TARNAME "libmxf"
| #define PACKAGE_VERSION "1.0.3"
| #define PACKAGE_STRING "libMXF 1.0.3"
| #define PACKAGE_BUGREPORT ""
| #define PACKAGE_URL ""
| #define PACKAGE "libmxf"
| #define VERSION "1.0.3"
| #define STDC_HEADERS 1
| #define HAVE_SYS_TYPES_H 1
| #define HAVE_SYS_STAT_H 1
| #define HAVE_STDLIB_H 1
| #define HAVE_STRING_H 1
| #define HAVE_MEMORY_H 1
| #define HAVE_STRINGS_H 1
| #define HAVE_INTTYPES_H 1
| #define HAVE_STDINT_H 1
| #define HAVE_UNISTD_H 1
| #define HAVE_DLFCN_H 1
| #define LT_OBJDIR ".libs/"
| /* end confdefs.h.  */
| #include <ac_nonexistent.h>
configure:13133: result: g++ -E
configure:13153: g++ -E  conftest.cpp
configure:13153: $? = 0
configure:13167: g++ -E  conftest.cpp
conftest.cpp:23:10: fatal error: 'ac_nonexistent.h' file not found
#include <ac_nonexistent.h>
         ^~~~~~~~~~~~~~~~~~
1 error generated.
configure:13167: $? = 1
configure: failed program was:
| /* confdefs.h */
| #define PACKAGE_NAME "libMXF"
| #define PACKAGE_TARNAME "libmxf"
| #define PACKAGE_VERSION "1.0.3"
| #define PACKAGE_STRING "libMXF 1.0.3"
| #define PACKAGE_BUGREPORT ""
| #define PACKAGE_URL ""
| #define PACKAGE "libmxf"
| #define VERSION "1.0.3"
| #define STDC_HEADERS 1
| #define HAVE_SYS_TYPES_H 1
| #define HAVE_SYS_STAT_H 1
| #define HAVE_STDLIB_H 1
| #define HAVE_STRING_H 1
| #define HAVE_MEMORY_H 1
| #define HAVE_STRINGS_H 1
| #define HAVE_INTTYPES_H 1
| #define HAVE_STDINT_H 1
| #define HAVE_UNISTD_H 1
| #define HAVE_DLFCN_H 1
| #define LT_OBJDIR ".libs/"
| /* end confdefs.h.  */
| #include <ac_nonexistent.h>
configure:13329: checking for ld used by g++
configure:13396: result: /Applications/Xcode.app/Contents/Developer/Toolchains/XcodeDefault.xctoolchain/usr/bin/ld
configure:13403: checking if the linker (/Applications/Xcode.app/Contents/Developer/Toolchains/XcodeDefault.xctoolchain/usr/bin/ld) is GNU ld
configure:13418: result: no
configure:13473: checking whether the g++ linker (/Applications/Xcode.app/Contents/Developer/Toolchains/XcodeDefault.xctoolchain/usr/bin/ld) supports shared libraries
configure:14546: result: yes
configure:14582: g++ -c -g -O2  conftest.cpp >&5
configure:14585: $? = 0
configure:15066: checking for g++ option to produce PIC
configure:15073: result: -fno-common -DPIC
configure:15081: checking if g++ PIC flag -fno-common -DPIC works
configure:15099: g++ -c -g -O2  -fno-common -DPIC -DPIC conftest.cpp >&5
configure:15103: $? = 0
configure:15116: result: yes
configure:15139: checking if g++ static flag -static works
configure:15167: result: no
configure:15179: checking if g++ supports -c -o file.o
configure:15200: g++ -c -g -O2  -o out/conftest2.o conftest.cpp >&5
configure:15204: $? = 0
configure:15226: result: yes
configure:15231: checking if g++ supports -c -o file.o
configure:15278: result: yes
configure:15308: checking whether the g++ linker (/Applications/Xcode.app/Contents/Developer/Toolchains/XcodeDefault.xctoolchain/usr/bin/ld) supports shared libraries
configure:15351: result: yes
configure:15492: checking dynamic linker characteristics
configure:16249: result: darwin17.7.0 dyld
configure:16314: checking how to hardcode library paths into programs
configure:16339: result: immediate
configure:16427: checking for gcc
configure:16454: result: gcc
configure:16683: checking for C compiler version
configure:16692: gcc --version >&5
Apple LLVM version 10.0.0 (clang-1000.11.45.5)
Target: x86_64-apple-darwin17.7.0
Thread model: posix
InstalledDir: /Applications/Xcode.app/Contents/Developer/Toolchains/XcodeDefault.xctoolchain/usr/bin
Configured with: --prefix=/Applications/Xcode.app/Contents/Developer/usr --with-gxx-include-dir=/usr/include/c++/4.2.1
configure:16703: $? = 0
configure:16692: gcc -v >&5
Configured with: --prefix=/Applications/Xcode.app/Contents/Developer/usr --with-gxx-include-dir=/usr/include/c++/4.2.1
Apple LLVM version 10.0.0 (clang-1000.11.45.5)
Target: x86_64-apple-darwin17.7.0
Thread model: posix
InstalledDir: /Applications/Xcode.app/Contents/Developer/Toolchains/XcodeDefault.xctoolchain/usr/bin
configure:16703: $? = 0
configure:16692: gcc -V >&5
clang: error: argument to '-V' is missing (expected 1 value)
clang: error: no input files
configure:16703: $? = 1
configure:16692: gcc -qversion >&5
clang: error: unknown argument: '-qversion'
clang: error: no input files
configure:16703: $? = 1
configure:16707: checking whether we are using the GNU C compiler
configure:16735: result: yes
configure:16744: checking whether gcc accepts -g
configure:16805: result: yes
configure:16822: checking for gcc option to accept ISO C89
configure:16898: result: none needed
configure:16923: checking whether gcc understands -c and -o together
configure:16960: result: yes
configure:16979: checking dependency style of gcc
configure:17090: result: gcc3
configure:17213: checking for sin in -lm
configure:17238: gcc -o conftest -g -O2   conftest.c -lm   >&5
conftest.c:30:6: warning: incompatible redeclaration of library function 'sin' [-Wincompatible-library-redeclaration]
char sin ();
     ^
conftest.c:30:6: note: 'sin' is a builtin with type 'double (double)'
1 warning generated.
configure:17238: $? = 0
configure:17247: result: yes
configure:17370: checking fcntl.h usability
configure:17370: gcc -c -g -O2  conftest.c >&5
configure:17370: $? = 0
configure:17370: result: yes
configure:17370: checking fcntl.h presence
configure:17370: gcc -E  conftest.c
configure:17370: $? = 0
configure:17370: result: yes
configure:17370: checking for fcntl.h
configure:17370: result: yes
configure:17370: checking for inttypes.h
configure:17370: result: yes
configure:17370: checking sys/time.h usability
configure:17370: gcc -c -g -O2  conftest.c >&5
configure:17370: $? = 0
configure:17370: result: yes
configure:17370: checking sys/time.h presence
configure:17370: gcc -E  conftest.c
configure:17370: $? = 0
configure:17370: result: yes
configure:17370: checking for sys/time.h
configure:17370: result: yes
configure:17370: checking sys/timeb.h usability
configure:17370: gcc -c -g -O2  conftest.c >&5
configure:17370: $? = 0
configure:17370: result: yes
configure:17370: checking sys/timeb.h presence
configure:17370: gcc -E  conftest.c
configure:17370: $? = 0
configure:17370: result: yes
configure:17370: checking for sys/timeb.h
configure:17370: result: yes
configure:17370: checking for unistd.h
configure:17370: result: yes
configure:17370: checking wchar.h usability
configure:17370: gcc -c -g -O2  conftest.c >&5
configure:17370: $? = 0
configure:17370: result: yes
configure:17370: checking wchar.h presence
configure:17370: gcc -E  conftest.c
configure:17370: $? = 0
configure:17370: result: yes
configure:17370: checking for wchar.h
configure:17370: result: yes
configure:17383: checking for stdbool.h that conforms to C99
configure:17450: gcc -c -g -O2  conftest.c >&5
conftest.c:79:24: warning: address of 's' will always evaluate to 'true' [-Wpointer-bool-conversion]
             bool e = &s;
                  ~    ^
conftest.c:83:23: warning: address of array 'a' will always evaluate to 'true' [-Wpointer-bool-conversion]
             return (!a + !b + !c + !d + !e + !f + !g + !h + !i + !!j + !k + !!l
                     ~^
conftest.c:83:28: warning: address of array 'b' will always evaluate to 'true' [-Wpointer-bool-conversion]
             return (!a + !b + !c + !d + !e + !f + !g + !h + !i + !!j + !k + !!l
                          ~^
conftest.c:83:33: warning: address of array 'c' will always evaluate to 'true' [-Wpointer-bool-conversion]
             return (!a + !b + !c + !d + !e + !f + !g + !h + !i + !!j + !k + !!l
                               ~^
conftest.c:83:38: warning: address of array 'd' will always evaluate to 'true' [-Wpointer-bool-conversion]
             return (!a + !b + !c + !d + !e + !f + !g + !h + !i + !!j + !k + !!l
                                    ~^
conftest.c:83:48: warning: address of array 'f' will always evaluate to 'true' [-Wpointer-bool-conversion]
             return (!a + !b + !c + !d + !e + !f + !g + !h + !i + !!j + !k + !!l
                                              ~^
conftest.c:83:53: warning: address of array 'g' will always evaluate to 'true' [-Wpointer-bool-conversion]
             return (!a + !b + !c + !d + !e + !f + !g + !h + !i + !!j + !k + !!l
                                                   ~^
conftest.c:83:58: warning: address of array 'h' will always evaluate to 'true' [-Wpointer-bool-conversion]
             return (!a + !b + !c + !d + !e + !f + !g + !h + !i + !!j + !k + !!l
                                                        ~^
conftest.c:83:63: warning: address of array 'i' will always evaluate to 'true' [-Wpointer-bool-conversion]
             return (!a + !b + !c + !d + !e + !f + !g + !h + !i + !!j + !k + !!l
                                                             ~^
conftest.c:84:30: warning: address of array 'n' will always evaluate to 'true' [-Wpointer-bool-conversion]
                            ~^
conftest.c:84:35: warning: address of array 'o' will always evaluate to 'true' [-Wpointer-bool-conversion]
                                 ~^
conftest.c:84:40: warning: address of array 'p' will always evaluate to 'true' [-Wpointer-bool-conversion]
                                      ~^
12 warnings generated.
configure:17450: $? = 0
configure:17457: result: yes
configure:17459: checking for _Bool
configure:17459: gcc -c -g -O2  conftest.c >&5
configure:17459: $? = 0
configure:17459: gcc -c -g -O2  conftest.c >&5
conftest.c:66:20: error: expected expression
if (sizeof ((_Bool)))
                   ^
1 error generated.
configure:17459: $? = 1
configure: failed program was:
| /* confdefs.h */
| #define PACKAGE_NAME "libMXF"
| #define PACKAGE_TARNAME "libmxf"
| #define PACKAGE_VERSION "1.0.3"
| #define PACKAGE_STRING "libMXF 1.0.3"
| #define PACKAGE_BUGREPORT ""
| #define PACKAGE_URL ""
| #define PACKAGE "libmxf"
| #define VERSION "1.0.3"
| #define STDC_HEADERS 1
| #define HAVE_SYS_TYPES_H 1
| #define HAVE_SYS_STAT_H 1
| #define HAVE_STDLIB_H 1
| #define HAVE_STRING_H 1
| #define HAVE_MEMORY_H 1
| #define HAVE_STRINGS_H 1
| #define HAVE_INTTYPES_H 1
| #define HAVE_STDINT_H 1
| #define HAVE_UNISTD_H 1
| #define HAVE_DLFCN_H 1
| #define LT_OBJDIR ".libs/"
| #define HAVE_LIBM 1
| #define HAVE_FCNTL_H 1
| #define HAVE_INTTYPES_H 1
| #define HAVE_SYS_TIME_H 1
| #define HAVE_SYS_TIMEB_H 1
| #define HAVE_UNISTD_H 1
| #define HAVE_WCHAR_H 1
| /* end confdefs.h.  */
| #include <stdio.h>
| #ifdef HAVE_SYS_TYPES_H
| # include <sys/types.h>
| #endif
| #ifdef HAVE_SYS_STAT_H
| # include <sys/stat.h>
| #endif
| #ifdef STDC_HEADERS
| # include <stdlib.h>
| # include <stddef.h>
| #else
| # ifdef HAVE_STDLIB_H
| #  include <stdlib.h>
| # endif
| #endif
| #ifdef HAVE_STRING_H
| # if !defined STDC_HEADERS && defined HAVE_MEMORY_H
| #  include <memory.h>
| # endif
| # include <string.h>
| #endif
| #ifdef HAVE_STRINGS_H
| # include <strings.h>
| #endif
| #ifdef HAVE_INTTYPES_H
| # include <inttypes.h>
| #endif
| #ifdef HAVE_STDINT_H
| # include <stdint.h>
| #endif
| #ifdef HAVE_UNISTD_H
| # include <unistd.h>
| #endif
| int
| main ()
| {
| if (sizeof ((_Bool)))
| 	    return 0;
|   ;
|   return 0;
| }
configure:17459: result: yes
configure:17476: checking for int16_t
configure:17476: gcc -c -g -O2  conftest.c >&5
configure:17476: $? = 0
configure:17476: gcc -c -g -O2  conftest.c >&5
conftest.c:69:24: error: 'test_array' declared as an array with a negative size
static int test_array [1 - 2 * !((int16_t) (((((int16_t) 1 << N) << N) - 1) * 2 + 1)
                       ^~~~~~~~~~~~~~~~~~~~~~~~~~~~~~~~~~~~~~~~~~~~~~~~~~~~~~~~~~~~~
1 error generated.
configure:17476: $? = 1
configure: failed program was:
| /* confdefs.h */
| #define PACKAGE_NAME "libMXF"
| #define PACKAGE_TARNAME "libmxf"
| #define PACKAGE_VERSION "1.0.3"
| #define PACKAGE_STRING "libMXF 1.0.3"
| #define PACKAGE_BUGREPORT ""
| #define PACKAGE_URL ""
| #define PACKAGE "libmxf"
| #define VERSION "1.0.3"
| #define STDC_HEADERS 1
| #define HAVE_SYS_TYPES_H 1
| #define HAVE_SYS_STAT_H 1
| #define HAVE_STDLIB_H 1
| #define HAVE_STRING_H 1
| #define HAVE_MEMORY_H 1
| #define HAVE_STRINGS_H 1
| #define HAVE_INTTYPES_H 1
| #define HAVE_STDINT_H 1
| #define HAVE_UNISTD_H 1
| #define HAVE_DLFCN_H 1
| #define LT_OBJDIR ".libs/"
| #define HAVE_LIBM 1
| #define HAVE_FCNTL_H 1
| #define HAVE_INTTYPES_H 1
| #define HAVE_SYS_TIME_H 1
| #define HAVE_SYS_TIMEB_H 1
| #define HAVE_UNISTD_H 1
| #define HAVE_WCHAR_H 1
| #define HAVE__BOOL 1
| #define HAVE_STDBOOL_H 1
| /* end confdefs.h.  */
| #include <stdio.h>
| #ifdef HAVE_SYS_TYPES_H
| # include <sys/types.h>
| #endif
| #ifdef HAVE_SYS_STAT_H
| # include <sys/stat.h>
| #endif
| #ifdef STDC_HEADERS
| # include <stdlib.h>
| # include <stddef.h>
| #else
| # ifdef HAVE_STDLIB_H
| #  include <stdlib.h>
| # endif
| #endif
| #ifdef HAVE_STRING_H
| # if !defined STDC_HEADERS && defined HAVE_MEMORY_H
| #  include <memory.h>
| # endif
| # include <string.h>
| #endif
| #ifdef HAVE_STRINGS_H
| # include <strings.h>
| #endif
| #ifdef HAVE_INTTYPES_H
| # include <inttypes.h>
| #endif
| #ifdef HAVE_STDINT_H
| # include <stdint.h>
| #endif
| #ifdef HAVE_UNISTD_H
| # include <unistd.h>
| #endif
| 	        enum { N = 16 / 2 - 1 };
| int
| main ()
| {
| static int test_array [1 - 2 * !((int16_t) (((((int16_t) 1 << N) << N) - 1) * 2 + 1)
| 		 < (int16_t) (((((int16_t) 1 << N) << N) - 1) * 2 + 2))];
| test_array [0] = 0;
| return test_array [0];
| 
|   ;
|   return 0;
| }
configure:17476: result: yes
configure:17487: checking for int32_t
configure:17487: gcc -c -g -O2  conftest.c >&5
configure:17487: $? = 0
configure:17487: gcc -c -g -O2  conftest.c >&5
conftest.c:69:24: error: 'test_array' declared as an array with a negative size
static int test_array [1 - 2 * !((int32_t) (((((int32_t) 1 << N) << N) - 1) * 2 + 1)
                       ^~~~~~~~~~~~~~~~~~~~~~~~~~~~~~~~~~~~~~~~~~~~~~~~~~~~~~~~~~~~~
1 error generated.
configure:17487: $? = 1
configure: failed program was:
| /* confdefs.h */
| #define PACKAGE_NAME "libMXF"
| #define PACKAGE_TARNAME "libmxf"
| #define PACKAGE_VERSION "1.0.3"
| #define PACKAGE_STRING "libMXF 1.0.3"
| #define PACKAGE_BUGREPORT ""
| #define PACKAGE_URL ""
| #define PACKAGE "libmxf"
| #define VERSION "1.0.3"
| #define STDC_HEADERS 1
| #define HAVE_SYS_TYPES_H 1
| #define HAVE_SYS_STAT_H 1
| #define HAVE_STDLIB_H 1
| #define HAVE_STRING_H 1
| #define HAVE_MEMORY_H 1
| #define HAVE_STRINGS_H 1
| #define HAVE_INTTYPES_H 1
| #define HAVE_STDINT_H 1
| #define HAVE_UNISTD_H 1
| #define HAVE_DLFCN_H 1
| #define LT_OBJDIR ".libs/"
| #define HAVE_LIBM 1
| #define HAVE_FCNTL_H 1
| #define HAVE_INTTYPES_H 1
| #define HAVE_SYS_TIME_H 1
| #define HAVE_SYS_TIMEB_H 1
| #define HAVE_UNISTD_H 1
| #define HAVE_WCHAR_H 1
| #define HAVE__BOOL 1
| #define HAVE_STDBOOL_H 1
| /* end confdefs.h.  */
| #include <stdio.h>
| #ifdef HAVE_SYS_TYPES_H
| # include <sys/types.h>
| #endif
| #ifdef HAVE_SYS_STAT_H
| # include <sys/stat.h>
| #endif
| #ifdef STDC_HEADERS
| # include <stdlib.h>
| # include <stddef.h>
| #else
| # ifdef HAVE_STDLIB_H
| #  include <stdlib.h>
| # endif
| #endif
| #ifdef HAVE_STRING_H
| # if !defined STDC_HEADERS && defined HAVE_MEMORY_H
| #  include <memory.h>
| # endif
| # include <string.h>
| #endif
| #ifdef HAVE_STRINGS_H
| # include <strings.h>
| #endif
| #ifdef HAVE_INTTYPES_H
| # include <inttypes.h>
| #endif
| #ifdef HAVE_STDINT_H
| # include <stdint.h>
| #endif
| #ifdef HAVE_UNISTD_H
| # include <unistd.h>
| #endif
| 	        enum { N = 32 / 2 - 1 };
| int
| main ()
| {
| static int test_array [1 - 2 * !((int32_t) (((((int32_t) 1 << N) << N) - 1) * 2 + 1)
| 		 < (int32_t) (((((int32_t) 1 << N) << N) - 1) * 2 + 2))];
| test_array [0] = 0;
| return test_array [0];
| 
|   ;
|   return 0;
| }
configure:17487: result: yes
configure:17498: checking for int64_t
configure:17498: gcc -c -g -O2  conftest.c >&5
configure:17498: $? = 0
configure:17498: gcc -c -g -O2  conftest.c >&5
conftest.c:69:24: error: 'test_array' declared as an array with a negative size
static int test_array [1 - 2 * !((int64_t) (((((int64_t) 1 << N) << N) - 1) * 2 + 1)
                       ^~~~~~~~~~~~~~~~~~~~~~~~~~~~~~~~~~~~~~~~~~~~~~~~~~~~~~~~~~~~~
1 error generated.
configure:17498: $? = 1
configure: failed program was:
| /* confdefs.h */
| #define PACKAGE_NAME "libMXF"
| #define PACKAGE_TARNAME "libmxf"
| #define PACKAGE_VERSION "1.0.3"
| #define PACKAGE_STRING "libMXF 1.0.3"
| #define PACKAGE_BUGREPORT ""
| #define PACKAGE_URL ""
| #define PACKAGE "libmxf"
| #define VERSION "1.0.3"
| #define STDC_HEADERS 1
| #define HAVE_SYS_TYPES_H 1
| #define HAVE_SYS_STAT_H 1
| #define HAVE_STDLIB_H 1
| #define HAVE_STRING_H 1
| #define HAVE_MEMORY_H 1
| #define HAVE_STRINGS_H 1
| #define HAVE_INTTYPES_H 1
| #define HAVE_STDINT_H 1
| #define HAVE_UNISTD_H 1
| #define HAVE_DLFCN_H 1
| #define LT_OBJDIR ".libs/"
| #define HAVE_LIBM 1
| #define HAVE_FCNTL_H 1
| #define HAVE_INTTYPES_H 1
| #define HAVE_SYS_TIME_H 1
| #define HAVE_SYS_TIMEB_H 1
| #define HAVE_UNISTD_H 1
| #define HAVE_WCHAR_H 1
| #define HAVE__BOOL 1
| #define HAVE_STDBOOL_H 1
| /* end confdefs.h.  */
| #include <stdio.h>
| #ifdef HAVE_SYS_TYPES_H
| # include <sys/types.h>
| #endif
| #ifdef HAVE_SYS_STAT_H
| # include <sys/stat.h>
| #endif
| #ifdef STDC_HEADERS
| # include <stdlib.h>
| # include <stddef.h>
| #else
| # ifdef HAVE_STDLIB_H
| #  include <stdlib.h>
| # endif
| #endif
| #ifdef HAVE_STRING_H
| # if !defined STDC_HEADERS && defined HAVE_MEMORY_H
| #  include <memory.h>
| # endif
| # include <string.h>
| #endif
| #ifdef HAVE_STRINGS_H
| # include <strings.h>
| #endif
| #ifdef HAVE_INTTYPES_H
| # include <inttypes.h>
| #endif
| #ifdef HAVE_STDINT_H
| # include <stdint.h>
| #endif
| #ifdef HAVE_UNISTD_H
| # include <unistd.h>
| #endif
| 	        enum { N = 64 / 2 - 1 };
| int
| main ()
| {
| static int test_array [1 - 2 * !((int64_t) (((((int64_t) 1 << N) << N) - 1) * 2 + 1)
| 		 < (int64_t) (((((int64_t) 1 << N) << N) - 1) * 2 + 2))];
| test_array [0] = 0;
| return test_array [0];
| 
|   ;
|   return 0;
| }
configure:17498: result: yes
configure:17509: checking for int8_t
configure:17509: gcc -c -g -O2  conftest.c >&5
configure:17509: $? = 0
configure:17509: gcc -c -g -O2  conftest.c >&5
conftest.c:69:24: error: 'test_array' declared as an array with a negative size
static int test_array [1 - 2 * !((int8_t) (((((int8_t) 1 << N) << N) - 1) * 2 + 1)
                       ^~~~~~~~~~~~~~~~~~~~~~~~~~~~~~~~~~~~~~~~~~~~~~~~~~~~~~~~~~~
1 error generated.
configure:17509: $? = 1
configure: failed program was:
| /* confdefs.h */
| #define PACKAGE_NAME "libMXF"
| #define PACKAGE_TARNAME "libmxf"
| #define PACKAGE_VERSION "1.0.3"
| #define PACKAGE_STRING "libMXF 1.0.3"
| #define PACKAGE_BUGREPORT ""
| #define PACKAGE_URL ""
| #define PACKAGE "libmxf"
| #define VERSION "1.0.3"
| #define STDC_HEADERS 1
| #define HAVE_SYS_TYPES_H 1
| #define HAVE_SYS_STAT_H 1
| #define HAVE_STDLIB_H 1
| #define HAVE_STRING_H 1
| #define HAVE_MEMORY_H 1
| #define HAVE_STRINGS_H 1
| #define HAVE_INTTYPES_H 1
| #define HAVE_STDINT_H 1
| #define HAVE_UNISTD_H 1
| #define HAVE_DLFCN_H 1
| #define LT_OBJDIR ".libs/"
| #define HAVE_LIBM 1
| #define HAVE_FCNTL_H 1
| #define HAVE_INTTYPES_H 1
| #define HAVE_SYS_TIME_H 1
| #define HAVE_SYS_TIMEB_H 1
| #define HAVE_UNISTD_H 1
| #define HAVE_WCHAR_H 1
| #define HAVE__BOOL 1
| #define HAVE_STDBOOL_H 1
| /* end confdefs.h.  */
| #include <stdio.h>
| #ifdef HAVE_SYS_TYPES_H
| # include <sys/types.h>
| #endif
| #ifdef HAVE_SYS_STAT_H
| # include <sys/stat.h>
| #endif
| #ifdef STDC_HEADERS
| # include <stdlib.h>
| # include <stddef.h>
| #else
| # ifdef HAVE_STDLIB_H
| #  include <stdlib.h>
| # endif
| #endif
| #ifdef HAVE_STRING_H
| # if !defined STDC_HEADERS && defined HAVE_MEMORY_H
| #  include <memory.h>
| # endif
| # include <string.h>
| #endif
| #ifdef HAVE_STRINGS_H
| # include <strings.h>
| #endif
| #ifdef HAVE_INTTYPES_H
| # include <inttypes.h>
| #endif
| #ifdef HAVE_STDINT_H
| # include <stdint.h>
| #endif
| #ifdef HAVE_UNISTD_H
| # include <unistd.h>
| #endif
| 	        enum { N = 8 / 2 - 1 };
| int
| main ()
| {
| static int test_array [1 - 2 * !((int8_t) (((((int8_t) 1 << N) << N) - 1) * 2 + 1)
| 		 < (int8_t) (((((int8_t) 1 << N) << N) - 1) * 2 + 2))];
| test_array [0] = 0;
| return test_array [0];
| 
|   ;
|   return 0;
| }
configure:17509: result: yes
configure:17520: checking for size_t
configure:17520: gcc -c -g -O2  conftest.c >&5
configure:17520: $? = 0
configure:17520: gcc -c -g -O2  conftest.c >&5
conftest.c:68:21: error: expected expression
if (sizeof ((size_t)))
                    ^
1 error generated.
configure:17520: $? = 1
configure: failed program was:
| /* confdefs.h */
| #define PACKAGE_NAME "libMXF"
| #define PACKAGE_TARNAME "libmxf"
| #define PACKAGE_VERSION "1.0.3"
| #define PACKAGE_STRING "libMXF 1.0.3"
| #define PACKAGE_BUGREPORT ""
| #define PACKAGE_URL ""
| #define PACKAGE "libmxf"
| #define VERSION "1.0.3"
| #define STDC_HEADERS 1
| #define HAVE_SYS_TYPES_H 1
| #define HAVE_SYS_STAT_H 1
| #define HAVE_STDLIB_H 1
| #define HAVE_STRING_H 1
| #define HAVE_MEMORY_H 1
| #define HAVE_STRINGS_H 1
| #define HAVE_INTTYPES_H 1
| #define HAVE_STDINT_H 1
| #define HAVE_UNISTD_H 1
| #define HAVE_DLFCN_H 1
| #define LT_OBJDIR ".libs/"
| #define HAVE_LIBM 1
| #define HAVE_FCNTL_H 1
| #define HAVE_INTTYPES_H 1
| #define HAVE_SYS_TIME_H 1
| #define HAVE_SYS_TIMEB_H 1
| #define HAVE_UNISTD_H 1
| #define HAVE_WCHAR_H 1
| #define HAVE__BOOL 1
| #define HAVE_STDBOOL_H 1
| /* end confdefs.h.  */
| #include <stdio.h>
| #ifdef HAVE_SYS_TYPES_H
| # include <sys/types.h>
| #endif
| #ifdef HAVE_SYS_STAT_H
| # include <sys/stat.h>
| #endif
| #ifdef STDC_HEADERS
| # include <stdlib.h>
| # include <stddef.h>
| #else
| # ifdef HAVE_STDLIB_H
| #  include <stdlib.h>
| # endif
| #endif
| #ifdef HAVE_STRING_H
| # if !defined STDC_HEADERS && defined HAVE_MEMORY_H
| #  include <memory.h>
| # endif
| # include <string.h>
| #endif
| #ifdef HAVE_STRINGS_H
| # include <strings.h>
| #endif
| #ifdef HAVE_INTTYPES_H
| # include <inttypes.h>
| #endif
| #ifdef HAVE_STDINT_H
| # include <stdint.h>
| #endif
| #ifdef HAVE_UNISTD_H
| # include <unistd.h>
| #endif
| int
| main ()
| {
| if (sizeof ((size_t)))
| 	    return 0;
|   ;
|   return 0;
| }
configure:17520: result: yes
configure:17531: checking for uint16_t
configure:17531: gcc -c -g -O2  conftest.c >&5
configure:17531: $? = 0
configure:17531: result: yes
configure:17543: checking for uint32_t
configure:17543: gcc -c -g -O2  conftest.c >&5
configure:17543: $? = 0
configure:17543: result: yes
configure:17557: checking for uint64_t
configure:17557: gcc -c -g -O2  conftest.c >&5
configure:17557: $? = 0
configure:17557: result: yes
configure:17571: checking for uint8_t
configure:17571: gcc -c -g -O2  conftest.c >&5
configure:17571: $? = 0
configure:17571: result: yes
configure:17605: checking for special C compiler options needed for large files
configure:17650: result: no
configure:17656: checking for _FILE_OFFSET_BITS value needed for large files
configure:17681: gcc -c -g -O2  conftest.c >&5
configure:17681: $? = 0
configure:17713: result: no
configure:17798: checking for _LARGEFILE_SOURCE value needed for large files
configure:17817: gcc -o conftest -g -O2   conftest.c -lm  >&5
configure:17817: $? = 0
configure:17845: result: no
configure:17871: checking for gettimeofday
configure:17871: gcc -o conftest -g -O2   conftest.c -lm  >&5
configure:17871: $? = 0
configure:17871: result: yes
configure:17871: checking for memmove
configure:17871: gcc -o conftest -g -O2   conftest.c -lm  >&5
conftest.c:58:6: warning: incompatible redeclaration of library function 'memmove' [-Wincompatible-library-redeclaration]
char memmove ();
     ^
conftest.c:58:6: note: 'memmove' is a builtin with type 'void *(void *, const void *, unsigned long)'
1 warning generated.
configure:17871: $? = 0
configure:17871: result: yes
configure:17871: checking for memset
configure:17871: gcc -o conftest -g -O2   conftest.c -lm  >&5
conftest.c:59:6: warning: incompatible redeclaration of library function 'memset' [-Wincompatible-library-redeclaration]
char memset ();
     ^
conftest.c:59:6: note: 'memset' is a builtin with type 'void *(void *, int, unsigned long)'
1 warning generated.
configure:17871: $? = 0
configure:17871: result: yes
configure:17871: checking for sqrt
configure:17871: gcc -o conftest -g -O2   conftest.c -lm  >&5
conftest.c:60:6: warning: incompatible redeclaration of library function 'sqrt' [-Wincompatible-library-redeclaration]
char sqrt ();
     ^
conftest.c:60:6: note: 'sqrt' is a builtin with type 'double (double)'
1 warning generated.
configure:17871: $? = 0
configure:17871: result: yes
configure:17871: checking for strerror
configure:17871: gcc -o conftest -g -O2   conftest.c -lm  >&5
conftest.c:61:6: warning: incompatible redeclaration of library function 'strerror' [-Wincompatible-library-redeclaration]
char strerror ();
     ^
conftest.c:61:6: note: 'strerror' is a builtin with type 'char *(int)'
1 warning generated.
configure:17871: $? = 0
configure:17871: result: yes
configure:17871: checking for strncasecmp
configure:17871: gcc -o conftest -g -O2   conftest.c -lm  >&5
conftest.c:62:6: warning: incompatible redeclaration of library function 'strncasecmp' [-Wincompatible-library-redeclaration]
char strncasecmp ();
     ^
conftest.c:62:6: note: 'strncasecmp' is a builtin with type 'int (const char *, const char *, unsigned long)'
1 warning generated.
configure:17871: $? = 0
configure:17871: result: yes
configure:17871: checking for strerror_r
configure:17871: gcc -o conftest -g -O2   conftest.c -lm  >&5
configure:17871: $? = 0
configure:17871: result: yes
configure:17880: checking for strdup
configure:17880: gcc -o conftest -g -O2   conftest.c -lm  >&5
conftest.c:64:6: warning: incompatible redeclaration of library function 'strdup' [-Wincompatible-library-redeclaration]
char strdup ();
     ^
conftest.c:64:6: note: 'strdup' is a builtin with type 'char *(const char *)'
1 warning generated.
configure:17880: $? = 0
configure:17880: result: yes
configure:17892: checking whether gcc supports -W -Wall
configure:17907: gcc -o conftest -Werror -W -Wall   conftest.c -lm  >&5
configure:17907: $? = 0
configure:17915: result: yes
configure:17938: checking whether gcc supports -Wl,--no-undefined
configure:17953: gcc -o conftest -g -O2  -Wl,--no-undefined conftest.c -lm  >&5
ld: unknown option: --no-undefined
clang: error: linker command failed with exit code 1 (use -v to see invocation)
configure:17953: $? = 1
configure: failed program was:
| /* confdefs.h */
| #define PACKAGE_NAME "libMXF"
| #define PACKAGE_TARNAME "libmxf"
| #define PACKAGE_VERSION "1.0.3"
| #define PACKAGE_STRING "libMXF 1.0.3"
| #define PACKAGE_BUGREPORT ""
| #define PACKAGE_URL ""
| #define PACKAGE "libmxf"
| #define VERSION "1.0.3"
| #define STDC_HEADERS 1
| #define HAVE_SYS_TYPES_H 1
| #define HAVE_SYS_STAT_H 1
| #define HAVE_STDLIB_H 1
| #define HAVE_STRING_H 1
| #define HAVE_MEMORY_H 1
| #define HAVE_STRINGS_H 1
| #define HAVE_INTTYPES_H 1
| #define HAVE_STDINT_H 1
| #define HAVE_UNISTD_H 1
| #define HAVE_DLFCN_H 1
| #define LT_OBJDIR ".libs/"
| #define HAVE_LIBM 1
| #define HAVE_FCNTL_H 1
| #define HAVE_INTTYPES_H 1
| #define HAVE_SYS_TIME_H 1
| #define HAVE_SYS_TIMEB_H 1
| #define HAVE_UNISTD_H 1
| #define HAVE_WCHAR_H 1
| #define HAVE__BOOL 1
| #define HAVE_STDBOOL_H 1
| #define PRIszt "zu"
| #define HAVE_FSEEKO 1
| #define HAVE_GETTIMEOFDAY 1
| #define HAVE_MEMMOVE 1
| #define HAVE_MEMSET 1
| #define HAVE_SQRT 1
| #define HAVE_STRERROR 1
| #define HAVE_STRNCASECMP 1
| #define HAVE_STRERROR_R 1
| /* end confdefs.h.  */
| 
| int
| main ()
| {
| 
|   ;
|   return 0;
| }
configure:17965: result: no
configure:18136: checking that generated files are newer than configure
configure:18142: result: done
configure:18205: creating ./config.status

## ---------------------- ##
## Running config.status. ##
## ---------------------- ##

This file was extended by libMXF config.status 1.0.3, which was
generated by GNU Autoconf 2.69.  Invocation command line was

  CONFIG_FILES    = 
  CONFIG_HEADERS  = 
  CONFIG_LINKS    = 
  CONFIG_COMMANDS = 
  $ ./config.status 

on TedButler.local

config.status:1210: creating Makefile
config.status:1210: creating mxf/Makefile
config.status:1210: creating examples/Makefile
config.status:1210: creating examples/reader/Makefile
config.status:1210: creating examples/writeavidmxf/Makefile
config.status:1210: creating examples/avidmxfinfo/Makefile
config.status:1210: creating examples/archive/Makefile
config.status:1210: creating examples/archive/write/Makefile
config.status:1210: creating examples/archive/info/Makefile
config.status:1210: creating examples/archive/test/Makefile
config.status:1210: creating examples/writeaviddv50/Makefile
config.status:1210: creating examples/transfertop2/Makefile
config.status:1210: creating test/Makefile
config.status:1210: creating tools/Makefile
config.status:1210: creating tools/MXFDump/Makefile
config.status:1210: creating tools/extract_avid_extensions/Makefile
config.status:1210: creating msvc_build/Makefile
config.status:1210: creating msvc_build/vs10/Makefile
config.status:1210: creating libMXF.pc
config.status:1210: creating config.h
config.status:1391: config.h is unchanged
config.status:1439: executing depfiles commands
config.status:1439: executing libtool commands

## ---------------- ##
## Cache variables. ##
## ---------------- ##

ac_cv_build=x86_64-apple-darwin17.7.0
ac_cv_c_compiler_gnu=yes
ac_cv_c_int16_t=yes
ac_cv_c_int32_t=yes
ac_cv_c_int64_t=yes
ac_cv_c_int8_t=yes
ac_cv_c_uint16_t=yes
ac_cv_c_uint32_t=yes
ac_cv_c_uint64_t=yes
ac_cv_c_uint8_t=yes
ac_cv_cxx_compiler_gnu=yes
ac_cv_env_CCC_set=
ac_cv_env_CCC_value=
ac_cv_env_CC_set=
ac_cv_env_CC_value=
ac_cv_env_CFLAGS_set=
ac_cv_env_CFLAGS_value=
ac_cv_env_CPPFLAGS_set=
ac_cv_env_CPPFLAGS_value=
ac_cv_env_CPP_set=
ac_cv_env_CPP_value=
ac_cv_env_CXXCPP_set=
ac_cv_env_CXXCPP_value=
ac_cv_env_CXXFLAGS_set=
ac_cv_env_CXXFLAGS_value=
ac_cv_env_CXX_set=
ac_cv_env_CXX_value=
ac_cv_env_LDFLAGS_set=
ac_cv_env_LDFLAGS_value=
ac_cv_env_LIBS_set=
ac_cv_env_LIBS_value=
ac_cv_env_LT_SYS_LIBRARY_PATH_set=
ac_cv_env_LT_SYS_LIBRARY_PATH_value=
ac_cv_env_build_alias_set=
ac_cv_env_build_alias_value=
ac_cv_env_host_alias_set=
ac_cv_env_host_alias_value=
ac_cv_env_target_alias_set=
ac_cv_env_target_alias_value=
ac_cv_func_gettimeofday=yes
ac_cv_func_memmove=yes
ac_cv_func_memset=yes
ac_cv_func_sqrt=yes
ac_cv_func_strdup=yes
ac_cv_func_strerror=yes
ac_cv_func_strerror_r=yes
ac_cv_func_strncasecmp=yes
ac_cv_header_dlfcn_h=yes
ac_cv_header_fcntl_h=yes
ac_cv_header_inttypes_h=yes
ac_cv_header_memory_h=yes
ac_cv_header_stdbool_h=yes
ac_cv_header_stdc=yes
ac_cv_header_stdint_h=yes
ac_cv_header_stdlib_h=yes
ac_cv_header_string_h=yes
ac_cv_header_strings_h=yes
ac_cv_header_sys_stat_h=yes
ac_cv_header_sys_time_h=yes
ac_cv_header_sys_timeb_h=yes
ac_cv_header_sys_types_h=yes
ac_cv_header_unistd_h=yes
ac_cv_header_wchar_h=yes
ac_cv_host=x86_64-apple-darwin17.7.0
ac_cv_lib_m_sin=yes
ac_cv_objext=o
ac_cv_path_EGREP='/usr/bin/grep -E'
ac_cv_path_FGREP='/usr/bin/grep -F'
ac_cv_path_GREP=/usr/bin/grep
ac_cv_path_SED=/usr/bin/sed
ac_cv_path_install='/usr/bin/install -c'
ac_cv_path_lt_DD=/bin/dd
ac_cv_prog_AWK=awk
ac_cv_prog_CPP='gcc -E'
ac_cv_prog_CXXCPP='g++ -E'
ac_cv_prog_ac_ct_AR=ar
ac_cv_prog_ac_ct_CC=gcc
ac_cv_prog_ac_ct_CXX=g++
ac_cv_prog_ac_ct_DSYMUTIL=dsymutil
ac_cv_prog_ac_ct_LIPO=lipo
ac_cv_prog_ac_ct_NMEDIT=nmedit
ac_cv_prog_ac_ct_OBJDUMP=objdump
ac_cv_prog_ac_ct_OTOOL=otool
ac_cv_prog_ac_ct_RANLIB=ranlib
ac_cv_prog_ac_ct_STRIP=strip
ac_cv_prog_cc_c89=
ac_cv_prog_cc_g=yes
ac_cv_prog_cxx_g=yes
ac_cv_prog_make_make_set=yes
ac_cv_sys_file_offset_bits=no
ac_cv_sys_largefile_CC=no
ac_cv_sys_largefile_source=no
ac_cv_type__Bool=yes
ac_cv_type_size_t=yes
am_cv_CC_dependencies_compiler_type=gcc3
am_cv_CXX_dependencies_compiler_type=gcc3
am_cv_ar_interface=ar
am_cv_make_support_nested_variables=yes
am_cv_prog_cc_c_o=yes
am_cv_prog_tar_ustar=gnutar
lt_cv_apple_cc_single_mod=yes
lt_cv_ar_at_file=no
lt_cv_deplibs_check_method=pass_all
lt_cv_file_magic_cmd='$MAGIC_CMD'
lt_cv_file_magic_test_file=
lt_cv_ld_exported_symbols_list=yes
lt_cv_ld_force_load=yes
lt_cv_ld_reload_flag=-r
lt_cv_nm_interface='BSD nm'
lt_cv_objdir=.libs
lt_cv_path_LD=/Applications/Xcode.app/Contents/Developer/Toolchains/XcodeDefault.xctoolchain/usr/bin/ld
lt_cv_path_LDCXX=/Applications/Xcode.app/Contents/Developer/Toolchains/XcodeDefault.xctoolchain/usr/bin/ld
lt_cv_path_NM='/usr/bin/nm -B'
lt_cv_path_mainfest_tool=no
lt_cv_prog_compiler_c_o=yes
lt_cv_prog_compiler_c_o_CXX=yes
lt_cv_prog_compiler_pic='-fno-common -DPIC'
lt_cv_prog_compiler_pic_CXX='-fno-common -DPIC'
lt_cv_prog_compiler_pic_works=yes
lt_cv_prog_compiler_pic_works_CXX=yes
lt_cv_prog_compiler_rtti_exceptions=yes
lt_cv_prog_compiler_static_works=no
lt_cv_prog_compiler_static_works_CXX=no
lt_cv_prog_gnu_ld=no
lt_cv_prog_gnu_ldcxx=no
lt_cv_sharedlib_from_linklib_cmd='printf %s\n'
lt_cv_sys_global_symbol_pipe='sed -n -e '\''s/^.*[	 ]\([BCDEGRST][BCDEGRST]*\)[	 ][	 ]*_\([_A-Za-z][_A-Za-z0-9]*\)$/\1 _\2 \2/p'\'' | sed '\''/ __gnu_lto/d'\'''
lt_cv_sys_global_symbol_to_c_name_address='sed -n -e '\''s/^: \(.*\) .*$/  {"\1", (void *) 0},/p'\'' -e '\''s/^[BCDEGRST][BCDEGRST]* .* \(.*\)$/  {"\1", (void *) \&\1},/p'\'''
lt_cv_sys_global_symbol_to_c_name_address_lib_prefix='sed -n -e '\''s/^: \(.*\) .*$/  {"\1", (void *) 0},/p'\'' -e '\''s/^[BCDEGRST][BCDEGRST]* .* \(lib.*\)$/  {"\1", (void *) \&\1},/p'\'' -e '\''s/^[BCDEGRST][BCDEGRST]* .* \(.*\)$/  {"lib\1", (void *) \&\1},/p'\'''
lt_cv_sys_global_symbol_to_cdecl='sed -n -e '\''s/^T .* \(.*\)$/extern int \1();/p'\'' -e '\''s/^[BCDEGRST][BCDEGRST]* .* \(.*\)$/extern char \1;/p'\'''
lt_cv_sys_global_symbol_to_import=
lt_cv_sys_max_cmd_len=196608
lt_cv_to_host_file_cmd=func_convert_file_noop
lt_cv_to_tool_file_cmd=func_convert_file_noop
lt_cv_truncate_bin='/bin/dd bs=4096 count=1'

## ----------------- ##
## Output variables. ##
## ----------------- ##

AAFSDK_CXXFLAGS=''
AAFSDK_LDFLAGS=''
AAFSDK_LIBS=''
ACLOCAL='${SHELL} /Users/tedbutler/Downloads/bmx-snapshot-20170814/libMXF/missing aclocal-1.15'
AMDEPBACKSLASH='\'
AMDEP_FALSE='#'
AMDEP_TRUE=''
AMTAR='$${TAR-tar}'
AM_BACKSLASH='\'
AM_DEFAULT_V='$(AM_DEFAULT_VERBOSITY)'
AM_DEFAULT_VERBOSITY='0'
AM_V='$(V)'
AR='ar'
AUTOCONF='${SHELL} /Users/tedbutler/Downloads/bmx-snapshot-20170814/libMXF/missing autoconf'
AUTOHEADER='${SHELL} /Users/tedbutler/Downloads/bmx-snapshot-20170814/libMXF/missing autoheader'
AUTOMAKE='${SHELL} /Users/tedbutler/Downloads/bmx-snapshot-20170814/libMXF/missing automake-1.15'
AWK='awk'
CC='gcc'
CCDEPMODE='depmode=gcc3'
CFLAGS='-g -O2'
CPP='gcc -E'
CPPFLAGS=''
CXX='g++'
CXXCPP='g++ -E'
CXXDEPMODE='depmode=gcc3'
CXXFLAGS='-g -O2'
CYGPATH_W='echo'
DEFS='-DHAVE_CONFIG_H'
DEPDIR='.deps'
DLLTOOL='false'
DSYMUTIL='dsymutil'
DUMPBIN=''
ECHO_C='\c'
ECHO_N=''
ECHO_T=''
EGREP='/usr/bin/grep -E'
ENABLE_ARCHIVE_FALSE=''
ENABLE_ARCHIVE_TRUE='#'
ENABLE_AVIDMXFINFO_FALSE=''
ENABLE_AVIDMXFINFO_TRUE='#'
ENABLE_READER_FALSE=''
ENABLE_READER_TRUE='#'
ENABLE_TRANSFERTOP2_FALSE=''
ENABLE_TRANSFERTOP2_TRUE='#'
ENABLE_WRITEAVIDMXF_FALSE=''
ENABLE_WRITEAVIDMXF_TRUE='#'
EXEEXT=''
FGREP='/usr/bin/grep -F'
GREP='/usr/bin/grep'
HAVE_AAFSDK_FALSE=''
HAVE_AAFSDK_TRUE='#'
INSTALL_DATA='${INSTALL} -m 644'
INSTALL_PROGRAM='${INSTALL}'
INSTALL_SCRIPT='${INSTALL}'
INSTALL_STRIP_PROGRAM='$(install_sh) -c -s'
IS_MACOS_FALSE='#'
IS_MACOS_TRUE=''
IS_WIN32_FALSE=''
IS_WIN32_TRUE='#'
LD='/Applications/Xcode.app/Contents/Developer/Toolchains/XcodeDefault.xctoolchain/usr/bin/ld'
LDFLAGS=''
LIBMXF_CFLAGS=' -W -Wall -I$(top_srcdir)'
LIBMXF_LDADDLIBS=' 	$(top_builddir)/mxf/libMXF-1.0.la'
LIBMXF_LDFLAGS=''
LIBMXF_LIBADDLIBS=''
LIBMXF_LIBVERSION='4:0:0'
LIBMXF_MAJORMINOR='1.0'
LIBOBJS=''
LIBS='-lm '
LIBTOOL='$(SHELL) $(top_builddir)/libtool'
LIPO='lipo'
LN_S='ln -s'
LTLIBOBJS=''
LT_SYS_LIBRARY_PATH=''
MAKEINFO='${SHELL} /Users/tedbutler/Downloads/bmx-snapshot-20170814/libMXF/missing makeinfo'
MANIFEST_TOOL=':'
MKDIR_P='./install-sh -c -d'
NM='/usr/bin/nm -B'
NMEDIT='nmedit'
OBJDUMP='objdump'
OBJEXT='o'
OTOOL64=':'
OTOOL='otool'
PACKAGE='libmxf'
PACKAGE_BUGREPORT=''
PACKAGE_NAME='libMXF'
PACKAGE_STRING='libMXF 1.0.3'
PACKAGE_TARNAME='libmxf'
PACKAGE_URL=''
PACKAGE_VERSION='1.0.3'
PATH_SEPARATOR=':'
PC_ADD_LIBS=''
PC_ADD_PRIVATE_LIBS=''
RANLIB='ranlib'
SED='/usr/bin/sed'
SET_MAKE=''
SHELL='/bin/sh'
STRIP='strip'
UUIDLIB=''
VERSION='1.0.3'
WARN_CFLAGS=' -W -Wall'
ac_ct_AR='ar'
ac_ct_CC='gcc'
ac_ct_CXX='g++'
ac_ct_DUMPBIN=''
am__EXEEXT_FALSE=''
am__EXEEXT_TRUE='#'
am__fastdepCC_FALSE='#'
am__fastdepCC_TRUE=''
am__fastdepCXX_FALSE='#'
am__fastdepCXX_TRUE=''
am__include='include'
am__isrc=''
am__leading_dot='.'
am__nodep='_no'
am__quote=''
am__tar='tar --format=ustar -chf - "$$tardir"'
am__untar='tar -xf -'
bindir='${exec_prefix}/bin'
build='x86_64-apple-darwin17.7.0'
build_alias=''
build_cpu='x86_64'
build_os='darwin17.7.0'
build_vendor='apple'
datadir='${datarootdir}'
datarootdir='${prefix}/share'
docdir='${datarootdir}/doc/${PACKAGE_TARNAME}'
dvidir='${docdir}'
exec_prefix='${prefix}'
host='x86_64-apple-darwin17.7.0'
host_alias=''
host_cpu='x86_64'
host_os='darwin17.7.0'
host_vendor='apple'
htmldir='${docdir}'
includedir='${prefix}/include'
infodir='${datarootdir}/info'
install_sh='${SHELL} /Users/tedbutler/Downloads/bmx-snapshot-20170814/libMXF/install-sh'
libdir='${exec_prefix}/lib'
libexecdir='${exec_prefix}/libexec'
localedir='${datarootdir}/locale'
localstatedir='${prefix}/var'
mandir='${datarootdir}/man'
mkdir_p='$(MKDIR_P)'
oldincludedir='/usr/include'
pdfdir='${docdir}'
pkgconfigdir='$(libdir)/pkgconfig'
prefix='/usr/local'
program_transform_name='s,x,x,'
psdir='${docdir}'
runstatedir='${localstatedir}/run'
sbindir='${exec_prefix}/sbin'
sharedstatedir='${prefix}/com'
sysconfdir='${prefix}/etc'
target_alias=''

## ----------- ##
## confdefs.h. ##
## ----------- ##

/* confdefs.h */
#define PACKAGE_NAME "libMXF"
#define PACKAGE_TARNAME "libmxf"
#define PACKAGE_VERSION "1.0.3"
#define PACKAGE_STRING "libMXF 1.0.3"
#define PACKAGE_BUGREPORT ""
#define PACKAGE_URL ""
#define PACKAGE "libmxf"
#define VERSION "1.0.3"
#define STDC_HEADERS 1
#define HAVE_SYS_TYPES_H 1
#define HAVE_SYS_STAT_H 1
#define HAVE_STDLIB_H 1
#define HAVE_STRING_H 1
#define HAVE_MEMORY_H 1
#define HAVE_STRINGS_H 1
#define HAVE_INTTYPES_H 1
#define HAVE_STDINT_H 1
#define HAVE_UNISTD_H 1
#define HAVE_DLFCN_H 1
#define LT_OBJDIR ".libs/"
#define HAVE_LIBM 1
#define HAVE_FCNTL_H 1
#define HAVE_INTTYPES_H 1
#define HAVE_SYS_TIME_H 1
#define HAVE_SYS_TIMEB_H 1
#define HAVE_UNISTD_H 1
#define HAVE_WCHAR_H 1
#define HAVE__BOOL 1
#define HAVE_STDBOOL_H 1
#define PRIszt "zu"
#define HAVE_FSEEKO 1
#define HAVE_GETTIMEOFDAY 1
#define HAVE_MEMMOVE 1
#define HAVE_MEMSET 1
#define HAVE_SQRT 1
#define HAVE_STRERROR 1
#define HAVE_STRNCASECMP 1
#define HAVE_STRERROR_R 1

configure: exit 0
