This file contains any messages produced by compilers while
running configure, to aid debugging if configure makes a mistake.

It was created by libMXF++ configure 1.0.3, which was
generated by GNU Autoconf 2.69.  Invocation command line was

  $ ./configure -disable-examples

## --------- ##
## Platform. ##
## --------- ##

hostname = TedButler.local
uname -m = x86_64
uname -r = 17.7.0
uname -s = Darwin
uname -v = Darwin Kernel Version 17.7.0: Thu Jun 21 22:53:14 PDT 2018; root:xnu-4570.71.2~1/RELEASE_X86_64

/usr/bin/uname -p = i386
/bin/uname -X     = unknown

/bin/arch              = unknown
/usr/bin/arch -k       = unknown
/usr/convex/getsysinfo = unknown
/usr/bin/hostinfo      = Mach kernel version:
	 Darwin Kernel Version 17.7.0: Thu Jun 21 22:53:14 PDT 2018; root:xnu-4570.71.2~1/RELEASE_X86_64
Kernel configured for up to 8 processors.
4 processors are physically available.
8 processors are logically available.
Processor type: x86_64h (Intel x86-64h Haswell)
Processors active: 0 1 2 3 4 5 6 7
Primary memory available: 16.00 gigabytes
Default processor set: 527 tasks, 3490 threads, 8 processors
Load average: 2.25, Mach factor: 5.75
/bin/machine           = unknown
/usr/bin/oslevel       = unknown
/bin/universe          = unknown

PATH: /Library/Frameworks/Python.framework/Versions/2.7/bin
PATH: /Library/Frameworks/Python.framework/Versions/2.7/bin
PATH: /usr/local/bin
PATH: /usr/bin
PATH: /bin
PATH: /usr/sbin
PATH: /sbin
PATH: /Applications/VMware Fusion.app/Contents/Public
PATH: /Applications/Wireshark.app/Contents/MacOS


## ----------- ##
## Core tests. ##
## ----------- ##

configure:2560: checking for a BSD-compatible install
configure:2628: result: /usr/bin/install -c
configure:2639: checking whether build environment is sane
configure:2694: result: yes
configure:2845: checking for a thread-safe mkdir -p
configure:2884: result: ./install-sh -c -d
configure:2891: checking for gawk
configure:2921: result: no
configure:2891: checking for mawk
configure:2921: result: no
configure:2891: checking for nawk
configure:2921: result: no
configure:2891: checking for awk
configure:2907: found /usr/bin/awk
configure:2918: result: awk
configure:2929: checking whether make sets $(MAKE)
configure:2951: result: yes
configure:2980: checking whether make supports nested variables
configure:2997: result: yes
configure:3134: checking whether make supports nested variables
configure:3151: result: yes
configure:3175: checking for style of include used by make
configure:3203: result: GNU
configure:3274: checking for gcc
configure:3290: found /usr/bin/gcc
configure:3301: result: gcc
configure:3530: checking for C compiler version
configure:3539: gcc --version >&5
Apple LLVM version 10.0.0 (clang-1000.11.45.5)
Target: x86_64-apple-darwin17.7.0
Thread model: posix
InstalledDir: /Applications/Xcode.app/Contents/Developer/Toolchains/XcodeDefault.xctoolchain/usr/bin
Configured with: --prefix=/Applications/Xcode.app/Contents/Developer/usr --with-gxx-include-dir=/usr/include/c++/4.2.1
configure:3550: $? = 0
configure:3539: gcc -v >&5
Configured with: --prefix=/Applications/Xcode.app/Contents/Developer/usr --with-gxx-include-dir=/usr/include/c++/4.2.1
Apple LLVM version 10.0.0 (clang-1000.11.45.5)
Target: x86_64-apple-darwin17.7.0
Thread model: posix
InstalledDir: /Applications/Xcode.app/Contents/Developer/Toolchains/XcodeDefault.xctoolchain/usr/bin
configure:3550: $? = 0
configure:3539: gcc -V >&5
clang: error: argument to '-V' is missing (expected 1 value)
clang: error: no input files
configure:3550: $? = 1
configure:3539: gcc -qversion >&5
clang: error: unknown argument: '-qversion'
clang: error: no input files
configure:3550: $? = 1
configure:3570: checking whether the C compiler works
configure:3592: gcc    conftest.c  >&5
configure:3596: $? = 0
configure:3644: result: yes
configure:3647: checking for C compiler default output file name
configure:3649: result: a.out
configure:3655: checking for suffix of executables
configure:3662: gcc -o conftest    conftest.c  >&5
configure:3666: $? = 0
configure:3688: result: 
configure:3710: checking whether we are cross compiling
configure:3718: gcc -o conftest    conftest.c  >&5
configure:3722: $? = 0
configure:3729: ./conftest
configure:3733: $? = 0
configure:3748: result: no
configure:3753: checking for suffix of object files
configure:3775: gcc -c   conftest.c >&5
configure:3779: $? = 0
configure:3800: result: o
configure:3804: checking whether we are using the GNU C compiler
configure:3823: gcc -c   conftest.c >&5
configure:3823: $? = 0
configure:3832: result: yes
configure:3841: checking whether gcc accepts -g
configure:3861: gcc -c -g  conftest.c >&5
configure:3861: $? = 0
configure:3902: result: yes
configure:3919: checking for gcc option to accept ISO C89
configure:3982: gcc  -c -g -O2  conftest.c >&5
configure:3982: $? = 0
configure:3995: result: none needed
configure:4020: checking whether gcc understands -c and -o together
configure:4042: gcc -c conftest.c -o conftest2.o
configure:4045: $? = 0
configure:4042: gcc -c conftest.c -o conftest2.o
configure:4045: $? = 0
configure:4057: result: yes
configure:4076: checking dependency style of gcc
configure:4187: result: gcc3
configure:4252: checking for ar
configure:4268: found /usr/bin/ar
configure:4279: result: ar
configure:4305: checking the archiver (ar) interface
configure:4321: gcc -c -g -O2  conftest.c >&5
configure:4321: $? = 0
configure:4323: ar cru libconftest.a conftest.o >&5
configure:4326: $? = 0
configure:4354: result: ar
configure:4417: checking build system type
configure:4431: result: x86_64-apple-darwin17.7.0
configure:4451: checking host system type
configure:4464: result: x86_64-apple-darwin17.7.0
configure:4505: checking how to print strings
configure:4532: result: printf
configure:4553: checking for a sed that does not truncate output
configure:4617: result: /usr/bin/sed
configure:4635: checking for grep that handles long lines and -e
configure:4693: result: /usr/bin/grep
configure:4698: checking for egrep
configure:4760: result: /usr/bin/grep -E
configure:4765: checking for fgrep
configure:4827: result: /usr/bin/grep -F
configure:4862: checking for ld used by gcc
configure:4929: result: /Applications/Xcode.app/Contents/Developer/Toolchains/XcodeDefault.xctoolchain/usr/bin/ld
configure:4936: checking if the linker (/Applications/Xcode.app/Contents/Developer/Toolchains/XcodeDefault.xctoolchain/usr/bin/ld) is GNU ld
configure:4951: result: no
configure:4963: checking for BSD- or MS-compatible name lister (nm)
configure:5017: result: /usr/bin/nm -B
configure:5147: checking the name lister (/usr/bin/nm -B) interface
configure:5154: gcc -c -g -O2  conftest.c >&5
configure:5157: /usr/bin/nm -B "conftest.o"
configure:5160: output
00000000000001e8 S _some_variable
configure:5167: result: BSD nm
configure:5170: checking whether ln -s works
configure:5174: result: yes
configure:5182: checking the maximum length of command line arguments
configure:5313: result: 196608
configure:5361: checking how to convert x86_64-apple-darwin17.7.0 file names to x86_64-apple-darwin17.7.0 format
configure:5401: result: func_convert_file_noop
configure:5408: checking how to convert x86_64-apple-darwin17.7.0 file names to toolchain format
configure:5428: result: func_convert_file_noop
configure:5435: checking for /Applications/Xcode.app/Contents/Developer/Toolchains/XcodeDefault.xctoolchain/usr/bin/ld option to reload object files
configure:5442: result: -r
configure:5516: checking for objdump
configure:5532: found /usr/bin/objdump
configure:5543: result: objdump
configure:5575: checking how to recognize dependent libraries
configure:5775: result: pass_all
configure:5860: checking for dlltool
configure:5890: result: no
configure:5920: checking how to associate runtime and link libraries
configure:5947: result: printf %s\n
configure:6071: checking for archiver @FILE support
configure:6088: gcc -c -g -O2  conftest.c >&5
configure:6088: $? = 0
configure:6091: ar cru libconftest.a @conftest.lst >&5
ar: @conftest.lst: No such file or directory
configure:6094: $? = 1
configure:6114: result: no
configure:6172: checking for strip
configure:6188: found /usr/bin/strip
configure:6199: result: strip
configure:6271: checking for ranlib
configure:6287: found /usr/bin/ranlib
configure:6298: result: ranlib
configure:6400: checking command to parse /usr/bin/nm -B output from gcc object
configure:6553: gcc -c -g -O2  conftest.c >&5
configure:6556: $? = 0
configure:6560: /usr/bin/nm -B conftest.o \| sed -n -e 's/^.*[ ]\([BCDEGRST][BCDEGRST]*\)[ ][ ]*\([_A-Za-z][_A-Za-z0-9]*\)$/\1 \2 \2/p' | sed '/ __gnu_lto/d' \> conftest.nm
configure:6563: $? = 0
cannot find nm_test_var in conftest.nm
configure:6553: gcc -c -g -O2  conftest.c >&5
configure:6556: $? = 0
configure:6560: /usr/bin/nm -B conftest.o \| sed -n -e 's/^.*[ ]\([BCDEGRST][BCDEGRST]*\)[ ][ ]*_\([_A-Za-z][_A-Za-z0-9]*\)$/\1 _\2 \2/p' | sed '/ __gnu_lto/d' \> conftest.nm
configure:6563: $? = 0
configure:6629: gcc -o conftest -g -O2   conftest.c conftstm.o >&5
warning: (x86_64)  could not find object file symbol for symbol _main
configure:6632: $? = 0
configure:6670: result: ok
configure:6717: checking for sysroot
configure:6747: result: no
configure:6754: checking for a working dd
configure:6792: result: /bin/dd
configure:6796: checking how to truncate binary pipes
configure:6811: result: /bin/dd bs=4096 count=1
configure:7140: checking for mt
configure:7170: result: no
configure:7190: checking if : is a manifest tool
configure:7196: : '-?'
configure:7204: result: no
configure:7260: checking for dsymutil
configure:7276: found /usr/bin/dsymutil
configure:7287: result: dsymutil
configure:7352: checking for nmedit
configure:7368: found /usr/bin/nmedit
configure:7379: result: nmedit
configure:7444: checking for lipo
configure:7460: found /usr/bin/lipo
configure:7471: result: lipo
configure:7536: checking for otool
configure:7552: found /usr/bin/otool
configure:7563: result: otool
configure:7628: checking for otool64
configure:7658: result: no
configure:7703: checking for -single_module linker flag
gcc -g -O2  -o libconftest.dylib -dynamiclib -Wl,-single_module conftest.c
configure:7736: result: yes
configure:7739: checking for -exported_symbols_list linker flag
configure:7759: gcc -o conftest -g -O2   -Wl,-exported_symbols_list,conftest.sym conftest.c  >&5
configure:7759: $? = 0
configure:7769: result: yes
configure:7772: checking for -force_load linker flag
gcc -g -O2 -c -o conftest.o conftest.c
ar cru libconftest.a conftest.o
ranlib libconftest.a
gcc -g -O2  -o conftest conftest.c -Wl,-force_load,./libconftest.a
configure:7804: result: yes
configure:7881: checking how to run the C preprocessor
configure:7912: gcc -E  conftest.c
configure:7912: $? = 0
configure:7926: gcc -E  conftest.c
conftest.c:11:10: fatal error: 'ac_nonexistent.h' file not found
#include <ac_nonexistent.h>
         ^~~~~~~~~~~~~~~~~~
1 error generated.
configure:7926: $? = 1
configure: failed program was:
| /* confdefs.h */
| #define PACKAGE_NAME "libMXF++"
| #define PACKAGE_TARNAME "libmxf++"
| #define PACKAGE_VERSION "1.0.3"
| #define PACKAGE_STRING "libMXF++ 1.0.3"
| #define PACKAGE_BUGREPORT ""
| #define PACKAGE_URL ""
| #define PACKAGE "libmxf++"
| #define VERSION "1.0.3"
| /* end confdefs.h.  */
| #include <ac_nonexistent.h>
configure:7951: result: gcc -E
configure:7971: gcc -E  conftest.c
configure:7971: $? = 0
configure:7985: gcc -E  conftest.c
conftest.c:11:10: fatal error: 'ac_nonexistent.h' file not found
#include <ac_nonexistent.h>
         ^~~~~~~~~~~~~~~~~~
1 error generated.
configure:7985: $? = 1
configure: failed program was:
| /* confdefs.h */
| #define PACKAGE_NAME "libMXF++"
| #define PACKAGE_TARNAME "libmxf++"
| #define PACKAGE_VERSION "1.0.3"
| #define PACKAGE_STRING "libMXF++ 1.0.3"
| #define PACKAGE_BUGREPORT ""
| #define PACKAGE_URL ""
| #define PACKAGE "libmxf++"
| #define VERSION "1.0.3"
| /* end confdefs.h.  */
| #include <ac_nonexistent.h>
configure:8014: checking for ANSI C header files
configure:8034: gcc -c -g -O2  conftest.c >&5
configure:8034: $? = 0
configure:8107: gcc -o conftest -g -O2   conftest.c  >&5
configure:8107: $? = 0
configure:8107: ./conftest
configure:8107: $? = 0
configure:8118: result: yes
configure:8131: checking for sys/types.h
configure:8131: gcc -c -g -O2  conftest.c >&5
configure:8131: $? = 0
configure:8131: result: yes
configure:8131: checking for sys/stat.h
configure:8131: gcc -c -g -O2  conftest.c >&5
configure:8131: $? = 0
configure:8131: result: yes
configure:8131: checking for stdlib.h
configure:8131: gcc -c -g -O2  conftest.c >&5
configure:8131: $? = 0
configure:8131: result: yes
configure:8131: checking for string.h
configure:8131: gcc -c -g -O2  conftest.c >&5
configure:8131: $? = 0
configure:8131: result: yes
configure:8131: checking for memory.h
configure:8131: gcc -c -g -O2  conftest.c >&5
configure:8131: $? = 0
configure:8131: result: yes
configure:8131: checking for strings.h
configure:8131: gcc -c -g -O2  conftest.c >&5
configure:8131: $? = 0
configure:8131: result: yes
configure:8131: checking for inttypes.h
configure:8131: gcc -c -g -O2  conftest.c >&5
configure:8131: $? = 0
configure:8131: result: yes
configure:8131: checking for stdint.h
configure:8131: gcc -c -g -O2  conftest.c >&5
configure:8131: $? = 0
configure:8131: result: yes
configure:8131: checking for unistd.h
configure:8131: gcc -c -g -O2  conftest.c >&5
configure:8131: $? = 0
configure:8131: result: yes
configure:8145: checking for dlfcn.h
configure:8145: gcc -c -g -O2  conftest.c >&5
configure:8145: $? = 0
configure:8145: result: yes
configure:8401: checking for objdir
configure:8416: result: .libs
configure:8680: checking if gcc supports -fno-rtti -fno-exceptions
configure:8698: gcc -c -g -O2  -fno-rtti -fno-exceptions conftest.c >&5
configure:8702: $? = 0
configure:8715: result: yes
configure:9073: checking for gcc option to produce PIC
configure:9080: result: -fno-common -DPIC
configure:9088: checking if gcc PIC flag -fno-common -DPIC works
configure:9106: gcc -c -g -O2  -fno-common -DPIC -DPIC conftest.c >&5
configure:9110: $? = 0
configure:9123: result: yes
configure:9152: checking if gcc static flag -static works
configure:9180: result: no
configure:9195: checking if gcc supports -c -o file.o
configure:9216: gcc -c -g -O2  -o out/conftest2.o conftest.c >&5
configure:9220: $? = 0
configure:9242: result: yes
configure:9250: checking if gcc supports -c -o file.o
configure:9297: result: yes
configure:9330: checking whether the gcc linker (/Applications/Xcode.app/Contents/Developer/Toolchains/XcodeDefault.xctoolchain/usr/bin/ld) supports shared libraries
configure:10593: result: yes
configure:10833: checking dynamic linker characteristics
configure:11663: result: darwin17.7.0 dyld
configure:11785: checking how to hardcode library paths into programs
configure:11810: result: immediate
configure:12358: checking whether stripping libraries is possible
configure:12372: result: yes
configure:12398: checking if libtool supports shared libraries
configure:12400: result: yes
configure:12403: checking whether to build shared libraries
configure:12428: result: yes
configure:12431: checking whether to build static libraries
configure:12435: result: yes
configure:12531: checking for g++
configure:12547: found /usr/bin/g++
configure:12558: result: g++
configure:12585: checking for C++ compiler version
configure:12594: g++ --version >&5
Apple LLVM version 10.0.0 (clang-1000.11.45.5)
Target: x86_64-apple-darwin17.7.0
Thread model: posix
InstalledDir: /Applications/Xcode.app/Contents/Developer/Toolchains/XcodeDefault.xctoolchain/usr/bin
Configured with: --prefix=/Applications/Xcode.app/Contents/Developer/usr --with-gxx-include-dir=/usr/include/c++/4.2.1
configure:12605: $? = 0
configure:12594: g++ -v >&5
Configured with: --prefix=/Applications/Xcode.app/Contents/Developer/usr --with-gxx-include-dir=/usr/include/c++/4.2.1
Apple LLVM version 10.0.0 (clang-1000.11.45.5)
Target: x86_64-apple-darwin17.7.0
Thread model: posix
InstalledDir: /Applications/Xcode.app/Contents/Developer/Toolchains/XcodeDefault.xctoolchain/usr/bin
configure:12605: $? = 0
configure:12594: g++ -V >&5
clang: error: argument to '-V' is missing (expected 1 value)
clang: error: no input files
configure:12605: $? = 1
configure:12594: g++ -qversion >&5
clang: error: unknown argument: '-qversion'
clang: error: no input files
configure:12605: $? = 1
configure:12609: checking whether we are using the GNU C++ compiler
configure:12628: g++ -c   conftest.cpp >&5
configure:12628: $? = 0
configure:12637: result: yes
configure:12646: checking whether g++ accepts -g
configure:12666: g++ -c -g  conftest.cpp >&5
configure:12666: $? = 0
configure:12707: result: yes
configure:12732: checking dependency style of g++
configure:12843: result: gcc3
configure:12876: checking how to run the C++ preprocessor
configure:12903: g++ -E  conftest.cpp
configure:12903: $? = 0
configure:12917: g++ -E  conftest.cpp
conftest.cpp:23:10: fatal error: 'ac_nonexistent.h' file not found
#include <ac_nonexistent.h>
         ^~~~~~~~~~~~~~~~~~
1 error generated.
configure:12917: $? = 1
configure: failed program was:
| /* confdefs.h */
| #define PACKAGE_NAME "libMXF++"
| #define PACKAGE_TARNAME "libmxf++"
| #define PACKAGE_VERSION "1.0.3"
| #define PACKAGE_STRING "libMXF++ 1.0.3"
| #define PACKAGE_BUGREPORT ""
| #define PACKAGE_URL ""
| #define PACKAGE "libmxf++"
| #define VERSION "1.0.3"
| #define STDC_HEADERS 1
| #define HAVE_SYS_TYPES_H 1
| #define HAVE_SYS_STAT_H 1
| #define HAVE_STDLIB_H 1
| #define HAVE_STRING_H 1
| #define HAVE_MEMORY_H 1
| #define HAVE_STRINGS_H 1
| #define HAVE_INTTYPES_H 1
| #define HAVE_STDINT_H 1
| #define HAVE_UNISTD_H 1
| #define HAVE_DLFCN_H 1
| #define LT_OBJDIR ".libs/"
| /* end confdefs.h.  */
| #include <ac_nonexistent.h>
configure:12942: result: g++ -E
configure:12962: g++ -E  conftest.cpp
configure:12962: $? = 0
configure:12976: g++ -E  conftest.cpp
conftest.cpp:23:10: fatal error: 'ac_nonexistent.h' file not found
#include <ac_nonexistent.h>
         ^~~~~~~~~~~~~~~~~~
1 error generated.
configure:12976: $? = 1
configure: failed program was:
| /* confdefs.h */
| #define PACKAGE_NAME "libMXF++"
| #define PACKAGE_TARNAME "libmxf++"
| #define PACKAGE_VERSION "1.0.3"
| #define PACKAGE_STRING "libMXF++ 1.0.3"
| #define PACKAGE_BUGREPORT ""
| #define PACKAGE_URL ""
| #define PACKAGE "libmxf++"
| #define VERSION "1.0.3"
| #define STDC_HEADERS 1
| #define HAVE_SYS_TYPES_H 1
| #define HAVE_SYS_STAT_H 1
| #define HAVE_STDLIB_H 1
| #define HAVE_STRING_H 1
| #define HAVE_MEMORY_H 1
| #define HAVE_STRINGS_H 1
| #define HAVE_INTTYPES_H 1
| #define HAVE_STDINT_H 1
| #define HAVE_UNISTD_H 1
| #define HAVE_DLFCN_H 1
| #define LT_OBJDIR ".libs/"
| /* end confdefs.h.  */
| #include <ac_nonexistent.h>
configure:13138: checking for ld used by g++
configure:13205: result: /Applications/Xcode.app/Contents/Developer/Toolchains/XcodeDefault.xctoolchain/usr/bin/ld
configure:13212: checking if the linker (/Applications/Xcode.app/Contents/Developer/Toolchains/XcodeDefault.xctoolchain/usr/bin/ld) is GNU ld
configure:13227: result: no
configure:13282: checking whether the g++ linker (/Applications/Xcode.app/Contents/Developer/Toolchains/XcodeDefault.xctoolchain/usr/bin/ld) supports shared libraries
configure:14355: result: yes
configure:14391: g++ -c -g -O2  conftest.cpp >&5
configure:14394: $? = 0
configure:14875: checking for g++ option to produce PIC
configure:14882: result: -fno-common -DPIC
configure:14890: checking if g++ PIC flag -fno-common -DPIC works
configure:14908: g++ -c -g -O2  -fno-common -DPIC -DPIC conftest.cpp >&5
configure:14912: $? = 0
configure:14925: result: yes
configure:14948: checking if g++ static flag -static works
configure:14976: result: no
configure:14988: checking if g++ supports -c -o file.o
configure:15009: g++ -c -g -O2  -o out/conftest2.o conftest.cpp >&5
configure:15013: $? = 0
configure:15035: result: yes
configure:15040: checking if g++ supports -c -o file.o
configure:15087: result: yes
configure:15117: checking whether the g++ linker (/Applications/Xcode.app/Contents/Developer/Toolchains/XcodeDefault.xctoolchain/usr/bin/ld) supports shared libraries
configure:15160: result: yes
configure:15301: checking dynamic linker characteristics
configure:16058: result: darwin17.7.0 dyld
configure:16123: checking how to hardcode library paths into programs
configure:16148: result: immediate
configure:16236: checking for gcc
configure:16263: result: gcc
configure:16492: checking for C compiler version
configure:16501: gcc --version >&5
Apple LLVM version 10.0.0 (clang-1000.11.45.5)
Target: x86_64-apple-darwin17.7.0
Thread model: posix
InstalledDir: /Applications/Xcode.app/Contents/Developer/Toolchains/XcodeDefault.xctoolchain/usr/bin
Configured with: --prefix=/Applications/Xcode.app/Contents/Developer/usr --with-gxx-include-dir=/usr/include/c++/4.2.1
configure:16512: $? = 0
configure:16501: gcc -v >&5
Configured with: --prefix=/Applications/Xcode.app/Contents/Developer/usr --with-gxx-include-dir=/usr/include/c++/4.2.1
Apple LLVM version 10.0.0 (clang-1000.11.45.5)
Target: x86_64-apple-darwin17.7.0
Thread model: posix
InstalledDir: /Applications/Xcode.app/Contents/Developer/Toolchains/XcodeDefault.xctoolchain/usr/bin
configure:16512: $? = 0
configure:16501: gcc -V >&5
clang: error: argument to '-V' is missing (expected 1 value)
clang: error: no input files
configure:16512: $? = 1
configure:16501: gcc -qversion >&5
clang: error: unknown argument: '-qversion'
clang: error: no input files
configure:16512: $? = 1
configure:16516: checking whether we are using the GNU C compiler
configure:16544: result: yes
configure:16553: checking whether gcc accepts -g
configure:16614: result: yes
configure:16631: checking for gcc option to accept ISO C89
configure:16707: result: none needed
configure:16732: checking whether gcc understands -c and -o together
configure:16769: result: yes
configure:16788: checking dependency style of gcc
configure:16899: result: gcc3
configure:17098: checking for pkg-config
configure:17116: found /usr/local/bin/pkg-config
configure:17128: result: /usr/local/bin/pkg-config
configure:17153: checking pkg-config is at least version 0.9.0
configure:17156: result: yes
configure:17166: checking for LIBMXF
configure:17173: $PKG_CONFIG --exists --print-errors "libMXF-1.0 >= 1.0.3"
configure:17176: $? = 0
configure:17190: $PKG_CONFIG --exists --print-errors "libMXF-1.0 >= 1.0.3"
configure:17193: $? = 0
configure:17251: result: yes
configure:17262: checking for stdbool.h that conforms to C99
configure:17329: gcc -c -g -O2  conftest.c >&5
conftest.c:72:24: warning: address of 's' will always evaluate to 'true' [-Wpointer-bool-conversion]
             bool e = &s;
                  ~    ^
conftest.c:76:23: warning: address of array 'a' will always evaluate to 'true' [-Wpointer-bool-conversion]
             return (!a + !b + !c + !d + !e + !f + !g + !h + !i + !!j + !k + !!l
                     ~^
conftest.c:76:28: warning: address of array 'b' will always evaluate to 'true' [-Wpointer-bool-conversion]
             return (!a + !b + !c + !d + !e + !f + !g + !h + !i + !!j + !k + !!l
                          ~^
conftest.c:76:33: warning: address of array 'c' will always evaluate to 'true' [-Wpointer-bool-conversion]
             return (!a + !b + !c + !d + !e + !f + !g + !h + !i + !!j + !k + !!l
                               ~^
conftest.c:76:38: warning: address of array 'd' will always evaluate to 'true' [-Wpointer-bool-conversion]
             return (!a + !b + !c + !d + !e + !f + !g + !h + !i + !!j + !k + !!l
                                    ~^
conftest.c:76:48: warning: address of array 'f' will always evaluate to 'true' [-Wpointer-bool-conversion]
             return (!a + !b + !c + !d + !e + !f + !g + !h + !i + !!j + !k + !!l
                                              ~^
conftest.c:76:53: warning: address of array 'g' will always evaluate to 'true' [-Wpointer-bool-conversion]
             return (!a + !b + !c + !d + !e + !f + !g + !h + !i + !!j + !k + !!l
                                                   ~^
conftest.c:76:58: warning: address of array 'h' will always evaluate to 'true' [-Wpointer-bool-conversion]
             return (!a + !b + !c + !d + !e + !f + !g + !h + !i + !!j + !k + !!l
                                                        ~^
conftest.c:76:63: warning: address of array 'i' will always evaluate to 'true' [-Wpointer-bool-conversion]
             return (!a + !b + !c + !d + !e + !f + !g + !h + !i + !!j + !k + !!l
                                                             ~^
conftest.c:77:30: warning: address of array 'n' will always evaluate to 'true' [-Wpointer-bool-conversion]
                            ~^
conftest.c:77:35: warning: address of array 'o' will always evaluate to 'true' [-Wpointer-bool-conversion]
                                 ~^
conftest.c:77:40: warning: address of array 'p' will always evaluate to 'true' [-Wpointer-bool-conversion]
                                      ~^
12 warnings generated.
configure:17329: $? = 0
configure:17336: result: yes
configure:17338: checking for _Bool
configure:17338: gcc -c -g -O2  conftest.c >&5
configure:17338: $? = 0
configure:17338: gcc -c -g -O2  conftest.c >&5
conftest.c:59:20: error: expected expression
if (sizeof ((_Bool)))
                   ^
1 error generated.
configure:17338: $? = 1
configure: failed program was:
| /* confdefs.h */
| #define PACKAGE_NAME "libMXF++"
| #define PACKAGE_TARNAME "libmxf++"
| #define PACKAGE_VERSION "1.0.3"
| #define PACKAGE_STRING "libMXF++ 1.0.3"
| #define PACKAGE_BUGREPORT ""
| #define PACKAGE_URL ""
| #define PACKAGE "libmxf++"
| #define VERSION "1.0.3"
| #define STDC_HEADERS 1
| #define HAVE_SYS_TYPES_H 1
| #define HAVE_SYS_STAT_H 1
| #define HAVE_STDLIB_H 1
| #define HAVE_STRING_H 1
| #define HAVE_MEMORY_H 1
| #define HAVE_STRINGS_H 1
| #define HAVE_INTTYPES_H 1
| #define HAVE_STDINT_H 1
| #define HAVE_UNISTD_H 1
| #define HAVE_DLFCN_H 1
| #define LT_OBJDIR ".libs/"
| /* end confdefs.h.  */
| #include <stdio.h>
| #ifdef HAVE_SYS_TYPES_H
| # include <sys/types.h>
| #endif
| #ifdef HAVE_SYS_STAT_H
| # include <sys/stat.h>
| #endif
| #ifdef STDC_HEADERS
| # include <stdlib.h>
| # include <stddef.h>
| #else
| # ifdef HAVE_STDLIB_H
| #  include <stdlib.h>
| # endif
| #endif
| #ifdef HAVE_STRING_H
| # if !defined STDC_HEADERS && defined HAVE_MEMORY_H
| #  include <memory.h>
| # endif
| # include <string.h>
| #endif
| #ifdef HAVE_STRINGS_H
| # include <strings.h>
| #endif
| #ifdef HAVE_INTTYPES_H
| # include <inttypes.h>
| #endif
| #ifdef HAVE_STDINT_H
| # include <stdint.h>
| #endif
| #ifdef HAVE_UNISTD_H
| # include <unistd.h>
| #endif
| int
| main ()
| {
| if (sizeof ((_Bool)))
| 	    return 0;
|   ;
|   return 0;
| }
configure:17338: result: yes
configure:17355: checking for int16_t
configure:17355: gcc -c -g -O2  conftest.c >&5
configure:17355: $? = 0
configure:17355: gcc -c -g -O2  conftest.c >&5
conftest.c:62:24: error: 'test_array' declared as an array with a negative size
static int test_array [1 - 2 * !((int16_t) (((((int16_t) 1 << N) << N) - 1) * 2 + 1)
                       ^~~~~~~~~~~~~~~~~~~~~~~~~~~~~~~~~~~~~~~~~~~~~~~~~~~~~~~~~~~~~
1 error generated.
configure:17355: $? = 1
configure: failed program was:
| /* confdefs.h */
| #define PACKAGE_NAME "libMXF++"
| #define PACKAGE_TARNAME "libmxf++"
| #define PACKAGE_VERSION "1.0.3"
| #define PACKAGE_STRING "libMXF++ 1.0.3"
| #define PACKAGE_BUGREPORT ""
| #define PACKAGE_URL ""
| #define PACKAGE "libmxf++"
| #define VERSION "1.0.3"
| #define STDC_HEADERS 1
| #define HAVE_SYS_TYPES_H 1
| #define HAVE_SYS_STAT_H 1
| #define HAVE_STDLIB_H 1
| #define HAVE_STRING_H 1
| #define HAVE_MEMORY_H 1
| #define HAVE_STRINGS_H 1
| #define HAVE_INTTYPES_H 1
| #define HAVE_STDINT_H 1
| #define HAVE_UNISTD_H 1
| #define HAVE_DLFCN_H 1
| #define LT_OBJDIR ".libs/"
| #define HAVE__BOOL 1
| #define HAVE_STDBOOL_H 1
| /* end confdefs.h.  */
| #include <stdio.h>
| #ifdef HAVE_SYS_TYPES_H
| # include <sys/types.h>
| #endif
| #ifdef HAVE_SYS_STAT_H
| # include <sys/stat.h>
| #endif
| #ifdef STDC_HEADERS
| # include <stdlib.h>
| # include <stddef.h>
| #else
| # ifdef HAVE_STDLIB_H
| #  include <stdlib.h>
| # endif
| #endif
| #ifdef HAVE_STRING_H
| # if !defined STDC_HEADERS && defined HAVE_MEMORY_H
| #  include <memory.h>
| # endif
| # include <string.h>
| #endif
| #ifdef HAVE_STRINGS_H
| # include <strings.h>
| #endif
| #ifdef HAVE_INTTYPES_H
| # include <inttypes.h>
| #endif
| #ifdef HAVE_STDINT_H
| # include <stdint.h>
| #endif
| #ifdef HAVE_UNISTD_H
| # include <unistd.h>
| #endif
| 	        enum { N = 16 / 2 - 1 };
| int
| main ()
| {
| static int test_array [1 - 2 * !((int16_t) (((((int16_t) 1 << N) << N) - 1) * 2 + 1)
| 		 < (int16_t) (((((int16_t) 1 << N) << N) - 1) * 2 + 2))];
| test_array [0] = 0;
| return test_array [0];
| 
|   ;
|   return 0;
| }
configure:17355: result: yes
configure:17366: checking for int32_t
configure:17366: gcc -c -g -O2  conftest.c >&5
configure:17366: $? = 0
configure:17366: gcc -c -g -O2  conftest.c >&5
conftest.c:62:24: error: 'test_array' declared as an array with a negative size
static int test_array [1 - 2 * !((int32_t) (((((int32_t) 1 << N) << N) - 1) * 2 + 1)
                       ^~~~~~~~~~~~~~~~~~~~~~~~~~~~~~~~~~~~~~~~~~~~~~~~~~~~~~~~~~~~~
1 error generated.
configure:17366: $? = 1
configure: failed program was:
| /* confdefs.h */
| #define PACKAGE_NAME "libMXF++"
| #define PACKAGE_TARNAME "libmxf++"
| #define PACKAGE_VERSION "1.0.3"
| #define PACKAGE_STRING "libMXF++ 1.0.3"
| #define PACKAGE_BUGREPORT ""
| #define PACKAGE_URL ""
| #define PACKAGE "libmxf++"
| #define VERSION "1.0.3"
| #define STDC_HEADERS 1
| #define HAVE_SYS_TYPES_H 1
| #define HAVE_SYS_STAT_H 1
| #define HAVE_STDLIB_H 1
| #define HAVE_STRING_H 1
| #define HAVE_MEMORY_H 1
| #define HAVE_STRINGS_H 1
| #define HAVE_INTTYPES_H 1
| #define HAVE_STDINT_H 1
| #define HAVE_UNISTD_H 1
| #define HAVE_DLFCN_H 1
| #define LT_OBJDIR ".libs/"
| #define HAVE__BOOL 1
| #define HAVE_STDBOOL_H 1
| /* end confdefs.h.  */
| #include <stdio.h>
| #ifdef HAVE_SYS_TYPES_H
| # include <sys/types.h>
| #endif
| #ifdef HAVE_SYS_STAT_H
| # include <sys/stat.h>
| #endif
| #ifdef STDC_HEADERS
| # include <stdlib.h>
| # include <stddef.h>
| #else
| # ifdef HAVE_STDLIB_H
| #  include <stdlib.h>
| # endif
| #endif
| #ifdef HAVE_STRING_H
| # if !defined STDC_HEADERS && defined HAVE_MEMORY_H
| #  include <memory.h>
| # endif
| # include <string.h>
| #endif
| #ifdef HAVE_STRINGS_H
| # include <strings.h>
| #endif
| #ifdef HAVE_INTTYPES_H
| # include <inttypes.h>
| #endif
| #ifdef HAVE_STDINT_H
| # include <stdint.h>
| #endif
| #ifdef HAVE_UNISTD_H
| # include <unistd.h>
| #endif
| 	        enum { N = 32 / 2 - 1 };
| int
| main ()
| {
| static int test_array [1 - 2 * !((int32_t) (((((int32_t) 1 << N) << N) - 1) * 2 + 1)
| 		 < (int32_t) (((((int32_t) 1 << N) << N) - 1) * 2 + 2))];
| test_array [0] = 0;
| return test_array [0];
| 
|   ;
|   return 0;
| }
configure:17366: result: yes
configure:17377: checking for int64_t
configure:17377: gcc -c -g -O2  conftest.c >&5
configure:17377: $? = 0
configure:17377: gcc -c -g -O2  conftest.c >&5
conftest.c:62:24: error: 'test_array' declared as an array with a negative size
static int test_array [1 - 2 * !((int64_t) (((((int64_t) 1 << N) << N) - 1) * 2 + 1)
                       ^~~~~~~~~~~~~~~~~~~~~~~~~~~~~~~~~~~~~~~~~~~~~~~~~~~~~~~~~~~~~
1 error generated.
configure:17377: $? = 1
configure: failed program was:
| /* confdefs.h */
| #define PACKAGE_NAME "libMXF++"
| #define PACKAGE_TARNAME "libmxf++"
| #define PACKAGE_VERSION "1.0.3"
| #define PACKAGE_STRING "libMXF++ 1.0.3"
| #define PACKAGE_BUGREPORT ""
| #define PACKAGE_URL ""
| #define PACKAGE "libmxf++"
| #define VERSION "1.0.3"
| #define STDC_HEADERS 1
| #define HAVE_SYS_TYPES_H 1
| #define HAVE_SYS_STAT_H 1
| #define HAVE_STDLIB_H 1
| #define HAVE_STRING_H 1
| #define HAVE_MEMORY_H 1
| #define HAVE_STRINGS_H 1
| #define HAVE_INTTYPES_H 1
| #define HAVE_STDINT_H 1
| #define HAVE_UNISTD_H 1
| #define HAVE_DLFCN_H 1
| #define LT_OBJDIR ".libs/"
| #define HAVE__BOOL 1
| #define HAVE_STDBOOL_H 1
| /* end confdefs.h.  */
| #include <stdio.h>
| #ifdef HAVE_SYS_TYPES_H
| # include <sys/types.h>
| #endif
| #ifdef HAVE_SYS_STAT_H
| # include <sys/stat.h>
| #endif
| #ifdef STDC_HEADERS
| # include <stdlib.h>
| # include <stddef.h>
| #else
| # ifdef HAVE_STDLIB_H
| #  include <stdlib.h>
| # endif
| #endif
| #ifdef HAVE_STRING_H
| # if !defined STDC_HEADERS && defined HAVE_MEMORY_H
| #  include <memory.h>
| # endif
| # include <string.h>
| #endif
| #ifdef HAVE_STRINGS_H
| # include <strings.h>
| #endif
| #ifdef HAVE_INTTYPES_H
| # include <inttypes.h>
| #endif
| #ifdef HAVE_STDINT_H
| # include <stdint.h>
| #endif
| #ifdef HAVE_UNISTD_H
| # include <unistd.h>
| #endif
| 	        enum { N = 64 / 2 - 1 };
| int
| main ()
| {
| static int test_array [1 - 2 * !((int64_t) (((((int64_t) 1 << N) << N) - 1) * 2 + 1)
| 		 < (int64_t) (((((int64_t) 1 << N) << N) - 1) * 2 + 2))];
| test_array [0] = 0;
| return test_array [0];
| 
|   ;
|   return 0;
| }
configure:17377: result: yes
configure:17388: checking for int8_t
configure:17388: gcc -c -g -O2  conftest.c >&5
configure:17388: $? = 0
configure:17388: gcc -c -g -O2  conftest.c >&5
conftest.c:62:24: error: 'test_array' declared as an array with a negative size
static int test_array [1 - 2 * !((int8_t) (((((int8_t) 1 << N) << N) - 1) * 2 + 1)
                       ^~~~~~~~~~~~~~~~~~~~~~~~~~~~~~~~~~~~~~~~~~~~~~~~~~~~~~~~~~~
1 error generated.
configure:17388: $? = 1
configure: failed program was:
| /* confdefs.h */
| #define PACKAGE_NAME "libMXF++"
| #define PACKAGE_TARNAME "libmxf++"
| #define PACKAGE_VERSION "1.0.3"
| #define PACKAGE_STRING "libMXF++ 1.0.3"
| #define PACKAGE_BUGREPORT ""
| #define PACKAGE_URL ""
| #define PACKAGE "libmxf++"
| #define VERSION "1.0.3"
| #define STDC_HEADERS 1
| #define HAVE_SYS_TYPES_H 1
| #define HAVE_SYS_STAT_H 1
| #define HAVE_STDLIB_H 1
| #define HAVE_STRING_H 1
| #define HAVE_MEMORY_H 1
| #define HAVE_STRINGS_H 1
| #define HAVE_INTTYPES_H 1
| #define HAVE_STDINT_H 1
| #define HAVE_UNISTD_H 1
| #define HAVE_DLFCN_H 1
| #define LT_OBJDIR ".libs/"
| #define HAVE__BOOL 1
| #define HAVE_STDBOOL_H 1
| /* end confdefs.h.  */
| #include <stdio.h>
| #ifdef HAVE_SYS_TYPES_H
| # include <sys/types.h>
| #endif
| #ifdef HAVE_SYS_STAT_H
| # include <sys/stat.h>
| #endif
| #ifdef STDC_HEADERS
| # include <stdlib.h>
| # include <stddef.h>
| #else
| # ifdef HAVE_STDLIB_H
| #  include <stdlib.h>
| # endif
| #endif
| #ifdef HAVE_STRING_H
| # if !defined STDC_HEADERS && defined HAVE_MEMORY_H
| #  include <memory.h>
| # endif
| # include <string.h>
| #endif
| #ifdef HAVE_STRINGS_H
| # include <strings.h>
| #endif
| #ifdef HAVE_INTTYPES_H
| # include <inttypes.h>
| #endif
| #ifdef HAVE_STDINT_H
| # include <stdint.h>
| #endif
| #ifdef HAVE_UNISTD_H
| # include <unistd.h>
| #endif
| 	        enum { N = 8 / 2 - 1 };
| int
| main ()
| {
| static int test_array [1 - 2 * !((int8_t) (((((int8_t) 1 << N) << N) - 1) * 2 + 1)
| 		 < (int8_t) (((((int8_t) 1 << N) << N) - 1) * 2 + 2))];
| test_array [0] = 0;
| return test_array [0];
| 
|   ;
|   return 0;
| }
configure:17388: result: yes
configure:17399: checking for size_t
configure:17399: gcc -c -g -O2  conftest.c >&5
configure:17399: $? = 0
configure:17399: gcc -c -g -O2  conftest.c >&5
conftest.c:61:21: error: expected expression
if (sizeof ((size_t)))
                    ^
1 error generated.
configure:17399: $? = 1
configure: failed program was:
| /* confdefs.h */
| #define PACKAGE_NAME "libMXF++"
| #define PACKAGE_TARNAME "libmxf++"
| #define PACKAGE_VERSION "1.0.3"
| #define PACKAGE_STRING "libMXF++ 1.0.3"
| #define PACKAGE_BUGREPORT ""
| #define PACKAGE_URL ""
| #define PACKAGE "libmxf++"
| #define VERSION "1.0.3"
| #define STDC_HEADERS 1
| #define HAVE_SYS_TYPES_H 1
| #define HAVE_SYS_STAT_H 1
| #define HAVE_STDLIB_H 1
| #define HAVE_STRING_H 1
| #define HAVE_MEMORY_H 1
| #define HAVE_STRINGS_H 1
| #define HAVE_INTTYPES_H 1
| #define HAVE_STDINT_H 1
| #define HAVE_UNISTD_H 1
| #define HAVE_DLFCN_H 1
| #define LT_OBJDIR ".libs/"
| #define HAVE__BOOL 1
| #define HAVE_STDBOOL_H 1
| /* end confdefs.h.  */
| #include <stdio.h>
| #ifdef HAVE_SYS_TYPES_H
| # include <sys/types.h>
| #endif
| #ifdef HAVE_SYS_STAT_H
| # include <sys/stat.h>
| #endif
| #ifdef STDC_HEADERS
| # include <stdlib.h>
| # include <stddef.h>
| #else
| # ifdef HAVE_STDLIB_H
| #  include <stdlib.h>
| # endif
| #endif
| #ifdef HAVE_STRING_H
| # if !defined STDC_HEADERS && defined HAVE_MEMORY_H
| #  include <memory.h>
| # endif
| # include <string.h>
| #endif
| #ifdef HAVE_STRINGS_H
| # include <strings.h>
| #endif
| #ifdef HAVE_INTTYPES_H
| # include <inttypes.h>
| #endif
| #ifdef HAVE_STDINT_H
| # include <stdint.h>
| #endif
| #ifdef HAVE_UNISTD_H
| # include <unistd.h>
| #endif
| int
| main ()
| {
| if (sizeof ((size_t)))
| 	    return 0;
|   ;
|   return 0;
| }
configure:17399: result: yes
configure:17410: checking for uint16_t
configure:17410: gcc -c -g -O2  conftest.c >&5
configure:17410: $? = 0
configure:17410: result: yes
configure:17422: checking for uint32_t
configure:17422: gcc -c -g -O2  conftest.c >&5
configure:17422: $? = 0
configure:17422: result: yes
configure:17436: checking for uint64_t
configure:17436: gcc -c -g -O2  conftest.c >&5
configure:17436: $? = 0
configure:17436: result: yes
configure:17450: checking for uint8_t
configure:17450: gcc -c -g -O2  conftest.c >&5
configure:17450: $? = 0
configure:17450: result: yes
configure:17484: checking for special C compiler options needed for large files
configure:17529: result: no
configure:17535: checking for _FILE_OFFSET_BITS value needed for large files
configure:17560: gcc -c -g -O2  conftest.c >&5
configure:17560: $? = 0
configure:17592: result: no
configure:17677: checking for _LARGEFILE_SOURCE value needed for large files
configure:17696: gcc -o conftest -g -O2   conftest.c  >&5
configure:17696: $? = 0
configure:17724: result: no
configure:17750: checking for memset
configure:17750: gcc -o conftest -g -O2   conftest.c  >&5
conftest.c:50:6: warning: incompatible redeclaration of library function 'memset' [-Wincompatible-library-redeclaration]
char memset ();
     ^
conftest.c:50:6: note: 'memset' is a builtin with type 'void *(void *, int, unsigned long)'
1 warning generated.
configure:17750: $? = 0
configure:17750: result: yes
configure:17750: checking for strerror
configure:17750: gcc -o conftest -g -O2   conftest.c  >&5
conftest.c:51:6: warning: incompatible redeclaration of library function 'strerror' [-Wincompatible-library-redeclaration]
char strerror ();
     ^
conftest.c:51:6: note: 'strerror' is a builtin with type 'char *(int)'
1 warning generated.
configure:17750: $? = 0
configure:17750: result: yes
configure:17764: checking whether gcc supports -W -Wall
configure:17779: gcc -o conftest -Werror -W -Wall   conftest.c  >&5
configure:17779: $? = 0
configure:17787: result: yes
configure:17810: checking whether gcc supports -Wl,--no-undefined
configure:17825: gcc -o conftest -g -O2  -Wl,--no-undefined conftest.c  >&5
ld: unknown option: --no-undefined
clang: error: linker command failed with exit code 1 (use -v to see invocation)
configure:17825: $? = 1
configure: failed program was:
| /* confdefs.h */
| #define PACKAGE_NAME "libMXF++"
| #define PACKAGE_TARNAME "libmxf++"
| #define PACKAGE_VERSION "1.0.3"
| #define PACKAGE_STRING "libMXF++ 1.0.3"
| #define PACKAGE_BUGREPORT ""
| #define PACKAGE_URL ""
| #define PACKAGE "libmxf++"
| #define VERSION "1.0.3"
| #define STDC_HEADERS 1
| #define HAVE_SYS_TYPES_H 1
| #define HAVE_SYS_STAT_H 1
| #define HAVE_STDLIB_H 1
| #define HAVE_STRING_H 1
| #define HAVE_MEMORY_H 1
| #define HAVE_STRINGS_H 1
| #define HAVE_INTTYPES_H 1
| #define HAVE_STDINT_H 1
| #define HAVE_UNISTD_H 1
| #define HAVE_DLFCN_H 1
| #define LT_OBJDIR ".libs/"
| #define HAVE__BOOL 1
| #define HAVE_STDBOOL_H 1
| #define PRIszt "zu"
| #define HAVE_FSEEKO 1
| #define HAVE_MEMSET 1
| #define HAVE_STRERROR 1
| /* end confdefs.h.  */
| 
| int
| main ()
| {
| 
|   ;
|   return 0;
| }
configure:17837: result: no
configure:17963: checking that generated files are newer than configure
configure:17969: result: done
configure:18024: creating ./config.status

## ---------------------- ##
## Running config.status. ##
## ---------------------- ##

This file was extended by libMXF++ config.status 1.0.3, which was
generated by GNU Autoconf 2.69.  Invocation command line was

  CONFIG_FILES    = 
  CONFIG_HEADERS  = 
  CONFIG_LINKS    = 
  CONFIG_COMMANDS = 
  $ ./config.status 

on TedButler.local

config.status:1190: creating Makefile
config.status:1190: creating libMXF++/Makefile
config.status:1190: creating libMXF++/metadata/Makefile
config.status:1190: creating libMXF++/metadata/base/Makefile
config.status:1190: creating libMXF++/extensions/Makefile
config.status:1190: creating examples/Makefile
config.status:1190: creating examples/Common/Makefile
config.status:1190: creating examples/D10MXFOP1AWriter/Makefile
config.status:1190: creating examples/OPAtomReader/Makefile
config.status:1190: creating test/Makefile
config.status:1190: creating tools/Makefile
config.status:1190: creating tools/gen_classes/Makefile
config.status:1190: creating msvc_build/Makefile
config.status:1190: creating msvc_build/vs10/Makefile
config.status:1190: creating libMXF++.pc
config.status:1190: creating config.h
config.status:1371: config.h is unchanged
config.status:1419: executing depfiles commands
config.status:1419: executing libtool commands

## ---------------- ##
## Cache variables. ##
## ---------------- ##

ac_cv_build=x86_64-apple-darwin17.7.0
ac_cv_c_compiler_gnu=yes
ac_cv_c_int16_t=yes
ac_cv_c_int32_t=yes
ac_cv_c_int64_t=yes
ac_cv_c_int8_t=yes
ac_cv_c_uint16_t=yes
ac_cv_c_uint32_t=yes
ac_cv_c_uint64_t=yes
ac_cv_c_uint8_t=yes
ac_cv_cxx_compiler_gnu=yes
ac_cv_env_CCC_set=
ac_cv_env_CCC_value=
ac_cv_env_CC_set=
ac_cv_env_CC_value=
ac_cv_env_CFLAGS_set=
ac_cv_env_CFLAGS_value=
ac_cv_env_CPPFLAGS_set=
ac_cv_env_CPPFLAGS_value=
ac_cv_env_CPP_set=
ac_cv_env_CPP_value=
ac_cv_env_CXXCPP_set=
ac_cv_env_CXXCPP_value=
ac_cv_env_CXXFLAGS_set=
ac_cv_env_CXXFLAGS_value=
ac_cv_env_CXX_set=
ac_cv_env_CXX_value=
ac_cv_env_LDFLAGS_set=
ac_cv_env_LDFLAGS_value=
ac_cv_env_LIBMXF_CFLAGS_set=
ac_cv_env_LIBMXF_CFLAGS_value=
ac_cv_env_LIBMXF_LIBS_set=
ac_cv_env_LIBMXF_LIBS_value=
ac_cv_env_LIBS_set=
ac_cv_env_LIBS_value=
ac_cv_env_LT_SYS_LIBRARY_PATH_set=
ac_cv_env_LT_SYS_LIBRARY_PATH_value=
ac_cv_env_PKG_CONFIG_LIBDIR_set=
ac_cv_env_PKG_CONFIG_LIBDIR_value=
ac_cv_env_PKG_CONFIG_PATH_set=
ac_cv_env_PKG_CONFIG_PATH_value=
ac_cv_env_PKG_CONFIG_set=
ac_cv_env_PKG_CONFIG_value=
ac_cv_env_build_alias_set=
ac_cv_env_build_alias_value=
ac_cv_env_host_alias_set=
ac_cv_env_host_alias_value=
ac_cv_env_target_alias_set=
ac_cv_env_target_alias_value=
ac_cv_func_memset=yes
ac_cv_func_strerror=yes
ac_cv_header_dlfcn_h=yes
ac_cv_header_inttypes_h=yes
ac_cv_header_memory_h=yes
ac_cv_header_stdbool_h=yes
ac_cv_header_stdc=yes
ac_cv_header_stdint_h=yes
ac_cv_header_stdlib_h=yes
ac_cv_header_string_h=yes
ac_cv_header_strings_h=yes
ac_cv_header_sys_stat_h=yes
ac_cv_header_sys_types_h=yes
ac_cv_header_unistd_h=yes
ac_cv_host=x86_64-apple-darwin17.7.0
ac_cv_objext=o
ac_cv_path_EGREP='/usr/bin/grep -E'
ac_cv_path_FGREP='/usr/bin/grep -F'
ac_cv_path_GREP=/usr/bin/grep
ac_cv_path_SED=/usr/bin/sed
ac_cv_path_ac_pt_PKG_CONFIG=/usr/local/bin/pkg-config
ac_cv_path_install='/usr/bin/install -c'
ac_cv_path_lt_DD=/bin/dd
ac_cv_prog_AWK=awk
ac_cv_prog_CPP='gcc -E'
ac_cv_prog_CXXCPP='g++ -E'
ac_cv_prog_ac_ct_AR=ar
ac_cv_prog_ac_ct_CC=gcc
ac_cv_prog_ac_ct_CXX=g++
ac_cv_prog_ac_ct_DSYMUTIL=dsymutil
ac_cv_prog_ac_ct_LIPO=lipo
ac_cv_prog_ac_ct_NMEDIT=nmedit
ac_cv_prog_ac_ct_OBJDUMP=objdump
ac_cv_prog_ac_ct_OTOOL=otool
ac_cv_prog_ac_ct_RANLIB=ranlib
ac_cv_prog_ac_ct_STRIP=strip
ac_cv_prog_cc_c89=
ac_cv_prog_cc_g=yes
ac_cv_prog_cxx_g=yes
ac_cv_prog_make_make_set=yes
ac_cv_sys_file_offset_bits=no
ac_cv_sys_largefile_CC=no
ac_cv_sys_largefile_source=no
ac_cv_type__Bool=yes
ac_cv_type_size_t=yes
am_cv_CC_dependencies_compiler_type=gcc3
am_cv_CXX_dependencies_compiler_type=gcc3
am_cv_ar_interface=ar
am_cv_make_support_nested_variables=yes
am_cv_prog_cc_c_o=yes
lt_cv_apple_cc_single_mod=yes
lt_cv_ar_at_file=no
lt_cv_deplibs_check_method=pass_all
lt_cv_file_magic_cmd='$MAGIC_CMD'
lt_cv_file_magic_test_file=
lt_cv_ld_exported_symbols_list=yes
lt_cv_ld_force_load=yes
lt_cv_ld_reload_flag=-r
lt_cv_nm_interface='BSD nm'
lt_cv_objdir=.libs
lt_cv_path_LD=/Applications/Xcode.app/Contents/Developer/Toolchains/XcodeDefault.xctoolchain/usr/bin/ld
lt_cv_path_LDCXX=/Applications/Xcode.app/Contents/Developer/Toolchains/XcodeDefault.xctoolchain/usr/bin/ld
lt_cv_path_NM='/usr/bin/nm -B'
lt_cv_path_mainfest_tool=no
lt_cv_prog_compiler_c_o=yes
lt_cv_prog_compiler_c_o_CXX=yes
lt_cv_prog_compiler_pic='-fno-common -DPIC'
lt_cv_prog_compiler_pic_CXX='-fno-common -DPIC'
lt_cv_prog_compiler_pic_works=yes
lt_cv_prog_compiler_pic_works_CXX=yes
lt_cv_prog_compiler_rtti_exceptions=yes
lt_cv_prog_compiler_static_works=no
lt_cv_prog_compiler_static_works_CXX=no
lt_cv_prog_gnu_ld=no
lt_cv_prog_gnu_ldcxx=no
lt_cv_sharedlib_from_linklib_cmd='printf %s\n'
lt_cv_sys_global_symbol_pipe='sed -n -e '\''s/^.*[	 ]\([BCDEGRST][BCDEGRST]*\)[	 ][	 ]*_\([_A-Za-z][_A-Za-z0-9]*\)$/\1 _\2 \2/p'\'' | sed '\''/ __gnu_lto/d'\'''
lt_cv_sys_global_symbol_to_c_name_address='sed -n -e '\''s/^: \(.*\) .*$/  {"\1", (void *) 0},/p'\'' -e '\''s/^[BCDEGRST][BCDEGRST]* .* \(.*\)$/  {"\1", (void *) \&\1},/p'\'''
lt_cv_sys_global_symbol_to_c_name_address_lib_prefix='sed -n -e '\''s/^: \(.*\) .*$/  {"\1", (void *) 0},/p'\'' -e '\''s/^[BCDEGRST][BCDEGRST]* .* \(lib.*\)$/  {"\1", (void *) \&\1},/p'\'' -e '\''s/^[BCDEGRST][BCDEGRST]* .* \(.*\)$/  {"lib\1", (void *) \&\1},/p'\'''
lt_cv_sys_global_symbol_to_cdecl='sed -n -e '\''s/^T .* \(.*\)$/extern int \1();/p'\'' -e '\''s/^[BCDEGRST][BCDEGRST]* .* \(.*\)$/extern char \1;/p'\'''
lt_cv_sys_global_symbol_to_import=
lt_cv_sys_max_cmd_len=196608
lt_cv_to_host_file_cmd=func_convert_file_noop
lt_cv_to_tool_file_cmd=func_convert_file_noop
lt_cv_truncate_bin='/bin/dd bs=4096 count=1'
pkg_cv_LIBMXF_CFLAGS=-I/usr/local/include/libMXF-1.0
pkg_cv_LIBMXF_LIBS='-L/usr/local/lib -lMXF-1.0'

## ----------------- ##
## Output variables. ##
## ----------------- ##

ACLOCAL='${SHELL} /Users/tedbutler/Downloads/bmx-snapshot-20170814/libMXF++/missing aclocal-1.15'
AMDEPBACKSLASH='\'
AMDEP_FALSE='#'
AMDEP_TRUE=''
AMTAR='$${TAR-tar}'
AM_BACKSLASH='\'
AM_DEFAULT_V='$(AM_DEFAULT_VERBOSITY)'
AM_DEFAULT_VERBOSITY='0'
AM_V='$(V)'
AR='ar'
AUTOCONF='${SHELL} /Users/tedbutler/Downloads/bmx-snapshot-20170814/libMXF++/missing autoconf'
AUTOHEADER='${SHELL} /Users/tedbutler/Downloads/bmx-snapshot-20170814/libMXF++/missing autoheader'
AUTOMAKE='${SHELL} /Users/tedbutler/Downloads/bmx-snapshot-20170814/libMXF++/missing automake-1.15'
AWK='awk'
CC='gcc'
CCDEPMODE='depmode=gcc3'
CFLAGS='-g -O2'
CPP='gcc -E'
CPPFLAGS=''
CXX='g++'
CXXCPP='g++ -E'
CXXDEPMODE='depmode=gcc3'
CXXFLAGS='-g -O2'
CYGPATH_W='echo'
DEFS='-DHAVE_CONFIG_H'
DEPDIR='.deps'
DLLTOOL='false'
DSYMUTIL='dsymutil'
DUMPBIN=''
ECHO_C='\c'
ECHO_N=''
ECHO_T=''
EGREP='/usr/bin/grep -E'
ENABLE_ARCHIVE_READER_FALSE=''
ENABLE_ARCHIVE_READER_TRUE='#'
ENABLE_ARCHIVE_WRITER_FALSE=''
ENABLE_ARCHIVE_WRITER_TRUE='#'
ENABLE_AVID_WRITER_FALSE=''
ENABLE_AVID_WRITER_TRUE='#'
ENABLE_D10_WRITER_FALSE=''
ENABLE_D10_WRITER_TRUE='#'
ENABLE_EXAMPLES_COMMON_FALSE=''
ENABLE_EXAMPLES_COMMON_TRUE='#'
ENABLE_OPATOM_READER_FALSE=''
ENABLE_OPATOM_READER_TRUE='#'
EXEEXT=''
FGREP='/usr/bin/grep -F'
GREP='/usr/bin/grep'
INSTALL_DATA='${INSTALL} -m 644'
INSTALL_PROGRAM='${INSTALL}'
INSTALL_SCRIPT='${INSTALL}'
INSTALL_STRIP_PROGRAM='$(install_sh) -c -s'
LD='/Applications/Xcode.app/Contents/Developer/Toolchains/XcodeDefault.xctoolchain/usr/bin/ld'
LDFLAGS=''
LIBMXFPP_CFLAGS=' -W -Wall -I/usr/local/include/libMXF-1.0 -I$(top_srcdir)'
LIBMXFPP_LDADDLIBS='-L/usr/local/lib -lMXF-1.0 	$(top_builddir)/libMXF++/libMXF++-1.0.la'
LIBMXFPP_LDFLAGS=''
LIBMXFPP_LIBADDLIBS='-L/usr/local/lib -lMXF-1.0'
LIBMXFPP_LIBVERSION='4:0:0'
LIBMXFPP_MAJORMINOR='1.0'
LIBMXF_CFLAGS='-I/usr/local/include/libMXF-1.0'
LIBMXF_LIBS='-L/usr/local/lib -lMXF-1.0'
LIBMXF_MAJORMINOR='1.0'
LIBOBJS=''
LIBS=''
LIBTOOL='$(SHELL) $(top_builddir)/libtool'
LIPO='lipo'
LN_S='ln -s'
LTLIBOBJS=''
LT_SYS_LIBRARY_PATH=''
MAKEINFO='${SHELL} /Users/tedbutler/Downloads/bmx-snapshot-20170814/libMXF++/missing makeinfo'
MANIFEST_TOOL=':'
MKDIR_P='./install-sh -c -d'
NM='/usr/bin/nm -B'
NMEDIT='nmedit'
OBJDUMP='objdump'
OBJEXT='o'
OTOOL64=':'
OTOOL='otool'
PACKAGE='libmxf++'
PACKAGE_BUGREPORT=''
PACKAGE_NAME='libMXF++'
PACKAGE_STRING='libMXF++ 1.0.3'
PACKAGE_TARNAME='libmxf++'
PACKAGE_URL=''
PACKAGE_VERSION='1.0.3'
PATH_SEPARATOR=':'
PKG_CONFIG='/usr/local/bin/pkg-config'
PKG_CONFIG_LIBDIR=''
PKG_CONFIG_PATH=''
RANLIB='ranlib'
SED='/usr/bin/sed'
SET_MAKE=''
SHELL='/bin/sh'
STRIP='strip'
VERSION='1.0.3'
WARN_CFLAGS=' -W -Wall'
ac_ct_AR='ar'
ac_ct_CC='gcc'
ac_ct_CXX='g++'
ac_ct_DUMPBIN=''
am__EXEEXT_FALSE=''
am__EXEEXT_TRUE='#'
am__fastdepCC_FALSE='#'
am__fastdepCC_TRUE=''
am__fastdepCXX_FALSE='#'
am__fastdepCXX_TRUE=''
am__include='include'
am__isrc=''
am__leading_dot='.'
am__nodep='_no'
am__quote=''
am__tar='$${TAR-tar} chof - "$$tardir"'
am__untar='$${TAR-tar} xf -'
bindir='${exec_prefix}/bin'
build='x86_64-apple-darwin17.7.0'
build_alias=''
build_cpu='x86_64'
build_os='darwin17.7.0'
build_vendor='apple'
datadir='${datarootdir}'
datarootdir='${prefix}/share'
docdir='${datarootdir}/doc/${PACKAGE_TARNAME}'
dvidir='${docdir}'
exec_prefix='${prefix}'
host='x86_64-apple-darwin17.7.0'
host_alias=''
host_cpu='x86_64'
host_os='darwin17.7.0'
host_vendor='apple'
htmldir='${docdir}'
includedir='${prefix}/include'
infodir='${datarootdir}/info'
install_sh='${SHELL} /Users/tedbutler/Downloads/bmx-snapshot-20170814/libMXF++/install-sh'
libdir='${exec_prefix}/lib'
libexecdir='${exec_prefix}/libexec'
localedir='${datarootdir}/locale'
localstatedir='${prefix}/var'
mandir='${datarootdir}/man'
mkdir_p='$(MKDIR_P)'
oldincludedir='/usr/include'
pdfdir='${docdir}'
pkgconfigdir='$(libdir)/pkgconfig'
prefix='/usr/local'
program_transform_name='s,x,x,'
psdir='${docdir}'
runstatedir='${localstatedir}/run'
sbindir='${exec_prefix}/sbin'
sharedstatedir='${prefix}/com'
sysconfdir='${prefix}/etc'
target_alias=''

## ----------- ##
## confdefs.h. ##
## ----------- ##

/* confdefs.h */
#define PACKAGE_NAME "libMXF++"
#define PACKAGE_TARNAME "libmxf++"
#define PACKAGE_VERSION "1.0.3"
#define PACKAGE_STRING "libMXF++ 1.0.3"
#define PACKAGE_BUGREPORT ""
#define PACKAGE_URL ""
#define PACKAGE "libmxf++"
#define VERSION "1.0.3"
#define STDC_HEADERS 1
#define HAVE_SYS_TYPES_H 1
#define HAVE_SYS_STAT_H 1
#define HAVE_STDLIB_H 1
#define HAVE_STRING_H 1
#define HAVE_MEMORY_H 1
#define HAVE_STRINGS_H 1
#define HAVE_INTTYPES_H 1
#define HAVE_STDINT_H 1
#define HAVE_UNISTD_H 1
#define HAVE_DLFCN_H 1
#define LT_OBJDIR ".libs/"
#define HAVE__BOOL 1
#define HAVE_STDBOOL_H 1
#define PRIszt "zu"
#define HAVE_FSEEKO 1
#define HAVE_MEMSET 1
#define HAVE_STRERROR 1

configure: exit 0
